{"level":"debug","ts":"2026-03-16T03:55:47Z","caller":"handlers/server.go:391","msg":"EPP sent request body response(s) to proxy","x-request-id":"6e396f3e-5d6c-9f5b-91cc-3ed2a2b08c1f","modelName":"food-review-1","targetModelName":"food-review-1"}
{"level":"debug","ts":"2026-03-16T03:55:47Z","caller":"handlers/server.go:419","msg":"EPP sent response body back to proxy","x-request-id":"6e396f3e-5d6c-9f5b-91cc-3ed2a2b08c1f"}
{"level":"debug","ts":"2026-03-16T03:55:48Z","caller":"handlers/server.go:225","msg":"EPP received request","x-request-id":"d0e4df5c-c9bf-9784-9c5d-f4d8e018e627"}
{"level":"debug","ts":"2026-03-16T03:55:48Z","caller":"handlers/server.go:391","msg":"EPP sent request body response(s) to proxy","x-request-id":"d0e4df5c-c9bf-9784-9c5d-f4d8e018e627","modelName":"food-review-1","targetModelName":"food-review-1"}
{"level":"debug","ts":"2026-03-16T03:55:48Z","caller":"handlers/server.go:419","msg":"EPP sent response body back to proxy","x-request-id":"d0e4df5c-c9bf-9784-9c5d-f4d8e018e627"}
{"level":"debug","ts":"2026-03-16T03:55:48Z","caller":"handlers/server.go:225","msg":"EPP received request","x-request-id":"f9b39a2f-0a13-9e7a-bc9a-8a24200e0b9e"}
{"level":"debug","ts":"2026-03-16T03:55:48Z","caller":"handlers/server.go:391","msg":"EPP sent request body response(s) to proxy","x-request-id":"f9b39a2f-0a13-9e7a-bc9a-8a24200e0b9e","modelName":"food-review-1","targetModelName":"food-review-1"}
{"level":"debug","ts":"2026-03-16T03:55:48Z","caller":"handlers/server.go:419","msg":"EPP sent response body back to proxy","x-request-id":"f9b39a2f-0a13-9e7a-bc9a-8a24200e0b9e"}
{"level":"debug","ts":"2026-03-16T03:55:48Z","caller":"handlers/server.go:225","msg":"EPP received request","x-request-id":"19e83ed1-7deb-9cc6-a01c-6dda6add2c9c"}
{"level":"debug","ts":"2026-03-16T03:55:48Z","caller":"handlers/server.go:391","msg":"EPP sent request body response(s) to proxy","x-request-id":"19e83ed1-7deb-9cc6-a01c-6dda6add2c9c","modelName":"food-review-1","targetModelName":"food-review-1"}
{"level":"debug","ts":"2026-03-16T03:55:48Z","caller":"handlers/server.go:419","msg":"EPP sent response body back to proxy","x-request-id":"19e83ed1-7deb-9cc6-a01c-6dda6add2c9c"}
{"level":"debug","ts":"2026-03-16T03:55:48Z","caller":"handlers/server.go:225","msg":"EPP received request","x-request-id":"13bbb676-1e8f-99db-b8bf-2d503be69f88"}
{"level":"debug","ts":"2026-03-16T03:55:48Z","caller":"handlers/server.go:391","msg":"EPP sent request body response(s) to proxy","x-request-id":"13bbb676-1e8f-99db-b8bf-2d503be69f88","modelName":"food-review-1","targetModelName":"food-review-1"}
{"level":"debug","ts":"2026-03-16T03:55:48Z","caller":"handlers/server.go:419","msg":"EPP sent response body back to proxy","x-request-id":"13bbb676-1e8f-99db-b8bf-2d503be69f88"}
{"level":"debug","ts":"2026-03-16T03:55:48Z","caller":"handlers/server.go:225","msg":"EPP received request","x-request-id":"a565f867-fc94-986c-94ec-17b317c94be6"}
{"level":"debug","ts":"2026-03-16T03:55:48Z","caller":"handlers/server.go:391","msg":"EPP sent request body response(s) to proxy","x-request-id":"a565f867-fc94-986c-94ec-17b317c94be6","modelName":"food-review-1","targetModelName":"food-review-1"}
{"level":"debug","ts":"2026-03-16T03:55:48Z","caller":"handlers/server.go:419","msg":"EPP sent response body back to proxy","x-request-id":"a565f867-fc94-986c-94ec-17b317c94be6"}
{"level":"debug","ts":"2026-03-16T03:55:48Z","caller":"handlers/server.go:225","msg":"EPP received request","x-request-id":"d6a6ff5d-86fc-9106-8c19-7bfe8722e2ba"}
{"level":"debug","ts":"2026-03-16T03:55:48Z","caller":"handlers/server.go:391","msg":"EPP sent request body response(s) to proxy","x-request-id":"d6a6ff5d-86fc-9106-8c19-7bfe8722e2ba","modelName":"food-review-1","targetModelName":"food-review-1"}
{"level":"debug","ts":"2026-03-16T03:55:48Z","caller":"handlers/server.go:419","msg":"EPP sent response body back to proxy","x-request-id":"d6a6ff5d-86fc-9106-8c19-7bfe8722e2ba"}
{"level":"debug","ts":"2026-03-16T03:55:48Z","caller":"handlers/server.go:225","msg":"EPP received request","x-request-id":"e56a898d-a151-9c9b-9ae7-35a1f87f7c6f"}
{"level":"debug","ts":"2026-03-16T03:55:48Z","caller":"handlers/server.go:391","msg":"EPP sent request body response(s) to proxy","x-request-id":"e56a898d-a151-9c9b-9ae7-35a1f87f7c6f","modelName":"food-review-1","targetModelName":"food-review-1"}
{"level":"debug","ts":"2026-03-16T03:55:48Z","caller":"handlers/server.go:419","msg":"EPP sent response body back to proxy","x-request-id":"e56a898d-a151-9c9b-9ae7-35a1f87f7c6f"}
{"level":"debug","ts":"2026-03-16T03:55:48Z","caller":"handlers/server.go:225","msg":"EPP received request","x-request-id":"132b4832-bb8c-9352-92f5-10732906db56"}
{"level":"debug","ts":"2026-03-16T03:55:48Z","caller":"handlers/server.go:391","msg":"EPP sent request body response(s) to proxy","x-request-id":"132b4832-bb8c-9352-92f5-10732906db56","modelName":"food-review-1","targetModelName":"food-review-1"}
{"level":"debug","ts":"2026-03-16T03:55:48Z","caller":"handlers/server.go:419","msg":"EPP sent response body back to proxy","x-request-id":"132b4832-bb8c-9352-92f5-10732906db56"}
{"level":"debug","ts":"2026-03-16T03:55:48Z","caller":"handlers/server.go:225","msg":"EPP received request","x-request-id":"8d1eff1c-eb08-9a22-8f3a-ad555bff835f"}
{"level":"debug","ts":"2026-03-16T03:55:48Z","caller":"handlers/server.go:391","msg":"EPP sent request body response(s) to proxy","x-request-id":"8d1eff1c-eb08-9a22-8f3a-ad555bff835f","modelName":"food-review-1","targetModelName":"food-review-1"}
{"level":"debug","ts":"2026-03-16T03:55:48Z","caller":"handlers/server.go:419","msg":"EPP sent response body back to proxy","x-request-id":"8d1eff1c-eb08-9a22-8f3a-ad555bff835f"}
{"level":"debug","ts":"2026-03-16T03:55:48Z","caller":"handlers/server.go:225","msg":"EPP received request","x-request-id":"3de725e2-de80-9955-b7d8-38869f28bf8a"}
{"level":"debug","ts":"2026-03-16T03:55:48Z","caller":"handlers/server.go:391","msg":"EPP sent request body response(s) to proxy","x-request-id":"3de725e2-de80-9955-b7d8-38869f28bf8a","modelName":"food-review-1","targetModelName":"food-review-1"}
{"level":"debug","ts":"2026-03-16T03:55:48Z","caller":"handlers/server.go:419","msg":"EPP sent response body back to proxy","x-request-id":"3de725e2-de80-9955-b7d8-38869f28bf8a"}
{"level":"debug","ts":"2026-03-16T03:55:48Z","caller":"handlers/server.go:225","msg":"EPP received request","x-request-id":"de070b6a-4aa8-9b2b-9499-a2a257e28287"}
{"level":"debug","ts":"2026-03-16T03:55:48Z","caller":"handlers/server.go:391","msg":"EPP sent request body response(s) to proxy","x-request-id":"de070b6a-4aa8-9b2b-9499-a2a257e28287","modelName":"food-review-1","targetModelName":"food-review-1"}
{"level":"debug","ts":"2026-03-16T03:55:48Z","caller":"handlers/server.go:419","msg":"EPP sent response body back to proxy","x-request-id":"de070b6a-4aa8-9b2b-9499-a2a257e28287"}
{"level":"debug","ts":"2026-03-16T03:55:48Z","caller":"handlers/server.go:225","msg":"EPP received request","x-request-id":"22b05f00-1f7a-92ab-83ab-e736be0a54cb"}
{"level":"debug","ts":"2026-03-16T03:55:48Z","caller":"handlers/server.go:391","msg":"EPP sent request body response(s) to proxy","x-request-id":"22b05f00-1f7a-92ab-83ab-e736be0a54cb","modelName":"food-review-1","targetModelName":"food-review-1"}
{"level":"debug","ts":"2026-03-16T03:55:48Z","caller":"handlers/server.go:419","msg":"EPP sent response body back to proxy","x-request-id":"22b05f00-1f7a-92ab-83ab-e736be0a54cb"}
{"level":"debug","ts":"2026-03-16T03:55:48Z","caller":"handlers/server.go:225","msg":"EPP received request","x-request-id":"6949821a-fde5-9f90-af5b-a4118baf6b80"}
{"level":"debug","ts":"2026-03-16T03:55:48Z","caller":"handlers/server.go:391","msg":"EPP sent request body response(s) to proxy","x-request-id":"6949821a-fde5-9f90-af5b-a4118baf6b80","modelName":"food-review-1","targetModelName":"food-review-1"}
{"level":"debug","ts":"2026-03-16T03:55:48Z","caller":"handlers/server.go:419","msg":"EPP sent response body back to proxy","x-request-id":"6949821a-fde5-9f90-af5b-a4118baf6b80"}
{"level":"debug","ts":"2026-03-16T03:55:48Z","caller":"handlers/server.go:225","msg":"EPP received request","x-request-id":"7f13d2cf-b74d-9e2b-b049-817187b020cd"}
{"level":"debug","ts":"2026-03-16T03:55:48Z","caller":"handlers/server.go:391","msg":"EPP sent request body response(s) to proxy","x-request-id":"7f13d2cf-b74d-9e2b-b049-817187b020cd","modelName":"food-review-1","targetModelName":"food-review-1"}
{"level":"debug","ts":"2026-03-16T03:55:48Z","caller":"handlers/server.go:419","msg":"EPP sent response body back to proxy","x-request-id":"7f13d2cf-b74d-9e2b-b049-817187b020cd"}
{"level":"debug","ts":"2026-03-16T03:55:48Z","caller":"handlers/server.go:225","msg":"EPP received request","x-request-id":"6e059eca-3699-95a4-bb15-301cda9eb6b2"}
{"level":"debug","ts":"2026-03-16T03:55:48Z","caller":"handlers/server.go:391","msg":"EPP sent request body response(s) to proxy","x-request-id":"6e059eca-3699-95a4-bb15-301cda9eb6b2","modelName":"food-review-1","targetModelName":"food-review-1"}
{"level":"debug","ts":"2026-03-16T03:55:48Z","caller":"handlers/server.go:419","msg":"EPP sent response body back to proxy","x-request-id":"6e059eca-3699-95a4-bb15-301cda9eb6b2"}
{"level":"debug","ts":"2026-03-16T03:55:48Z","caller":"handlers/server.go:225","msg":"EPP received request","x-request-id":"0b149f44-cb12-945f-a065-2786fcc65c21"}
{"level":"debug","ts":"2026-03-16T03:55:48Z","caller":"handlers/server.go:391","msg":"EPP sent request body response(s) to proxy","x-request-id":"0b149f44-cb12-945f-a065-2786fcc65c21","modelName":"food-review-1","targetModelName":"food-review-1"}
{"level":"debug","ts":"2026-03-16T03:55:48Z","caller":"handlers/server.go:419","msg":"EPP sent response body back to proxy","x-request-id":"0b149f44-cb12-945f-a065-2786fcc65c21"}
{"level":"debug","ts":"2026-03-16T03:55:48Z","caller":"handlers/server.go:225","msg":"EPP received request","x-request-id":"42079bb8-f669-916f-ab08-59368e865629"}
{"level":"debug","ts":"2026-03-16T03:55:48Z","caller":"handlers/server.go:391","msg":"EPP sent request body response(s) to proxy","x-request-id":"42079bb8-f669-916f-ab08-59368e865629","modelName":"food-review-1","targetModelName":"food-review-1"}
{"level":"debug","ts":"2026-03-16T03:55:48Z","caller":"handlers/server.go:419","msg":"EPP sent response body back to proxy","x-request-id":"42079bb8-f669-916f-ab08-59368e865629"}
{"level":"debug","ts":"2026-03-16T03:55:48Z","caller":"handlers/server.go:225","msg":"EPP received request","x-request-id":"fb3e394b-8c2e-968f-989d-da03ad84d2a3"}
{"level":"debug","ts":"2026-03-16T03:55:48Z","caller":"handlers/server.go:391","msg":"EPP sent request body response(s) to proxy","x-request-id":"fb3e394b-8c2e-968f-989d-da03ad84d2a3","modelName":"food-review-1","targetModelName":"food-review-1"}
{"level":"debug","ts":"2026-03-16T03:55:48Z","caller":"handlers/server.go:419","msg":"EPP sent response body back to proxy","x-request-id":"fb3e394b-8c2e-968f-989d-da03ad84d2a3"}
{"level":"debug","ts":"2026-03-16T03:55:48Z","caller":"handlers/server.go:225","msg":"EPP received request","x-request-id":"efca2468-2b7e-99e1-bb01-0c4f62b7ab6c"}
{"level":"debug","ts":"2026-03-16T03:55:48Z","caller":"handlers/server.go:391","msg":"EPP sent request body response(s) to proxy","x-request-id":"efca2468-2b7e-99e1-bb01-0c4f62b7ab6c","modelName":"food-review-1","targetModelName":"food-review-1"}
{"level":"debug","ts":"2026-03-16T03:55:48Z","caller":"handlers/server.go:419","msg":"EPP sent response body back to proxy","x-request-id":"efca2468-2b7e-99e1-bb01-0c4f62b7ab6c"}
{"level":"debug","ts":"2026-03-16T03:55:48Z","caller":"handlers/server.go:225","msg":"EPP received request","x-request-id":"46e9ff0e-2f6b-9bd4-b8fd-9e8f26d4183c"}
{"level":"debug","ts":"2026-03-16T03:55:48Z","caller":"handlers/server.go:391","msg":"EPP sent request body response(s) to proxy","x-request-id":"46e9ff0e-2f6b-9bd4-b8fd-9e8f26d4183c","modelName":"food-review-1","targetModelName":"food-review-1"}
{"level":"debug","ts":"2026-03-16T03:55:48Z","caller":"handlers/server.go:419","msg":"EPP sent response body back to proxy","x-request-id":"46e9ff0e-2f6b-9bd4-b8fd-9e8f26d4183c"}
{"level":"debug","ts":"2026-03-16T03:55:48Z","caller":"handlers/server.go:225","msg":"EPP received request","x-request-id":"8275e257-c91f-98d3-b884-7ecc2d430663"}
{"level":"debug","ts":"2026-03-16T03:55:48Z","caller":"handlers/server.go:391","msg":"EPP sent request body response(s) to proxy","x-request-id":"8275e257-c91f-98d3-b884-7ecc2d430663","modelName":"food-review-1","targetModelName":"food-review-1"}
{"level":"debug","ts":"2026-03-16T03:55:48Z","caller":"handlers/server.go:419","msg":"EPP sent response body back to proxy","x-request-id":"8275e257-c91f-98d3-b884-7ecc2d430663"}
{"level":"debug","ts":"2026-03-16T03:55:48Z","caller":"handlers/server.go:225","msg":"EPP received request","x-request-id":"8d41111b-dd7b-9eb3-bd4f-81cfda2482da"}
{"level":"debug","ts":"2026-03-16T03:55:48Z","caller":"handlers/server.go:391","msg":"EPP sent request body response(s) to proxy","x-request-id":"8d41111b-dd7b-9eb3-bd4f-81cfda2482da","modelName":"food-review-1","targetModelName":"food-review-1"}
{"level":"debug","ts":"2026-03-16T03:55:48Z","caller":"handlers/server.go:419","msg":"EPP sent response body back to proxy","x-request-id":"8d41111b-dd7b-9eb3-bd4f-81cfda2482da"}
{"level":"debug","ts":"2026-03-16T03:55:48Z","caller":"handlers/server.go:225","msg":"EPP received request","x-request-id":"88a5c0e0-775b-9c0c-aa47-889d0e2b032c"}
{"level":"debug","ts":"2026-03-16T03:55:48Z","caller":"handlers/server.go:391","msg":"EPP sent request body response(s) to proxy","x-request-id":"88a5c0e0-775b-9c0c-aa47-889d0e2b032c","modelName":"food-review-1","targetModelName":"food-review-1"}
{"level":"debug","ts":"2026-03-16T03:55:48Z","caller":"handlers/server.go:419","msg":"EPP sent response body back to proxy","x-request-id":"88a5c0e0-775b-9c0c-aa47-889d0e2b032c"}
{"level":"debug","ts":"2026-03-16T03:55:49Z","caller":"handlers/server.go:225","msg":"EPP received request","x-request-id":"92d66595-25d4-9292-82ed-87c77bfb97b1"}
{"level":"debug","ts":"2026-03-16T03:55:49Z","caller":"handlers/server.go:391","msg":"EPP sent request body response(s) to proxy","x-request-id":"92d66595-25d4-9292-82ed-87c77bfb97b1","modelName":"food-review-1","targetModelName":"food-review-1"}
{"level":"debug","ts":"2026-03-16T03:55:49Z","caller":"handlers/server.go:419","msg":"EPP sent response body back to proxy","x-request-id":"92d66595-25d4-9292-82ed-87c77bfb97b1"}
{"level":"debug","ts":"2026-03-16T03:55:49Z","caller":"handlers/server.go:225","msg":"EPP received request","x-request-id":"3587f6ed-0882-9a92-87f9-aad27bed0f27"}
{"level":"debug","ts":"2026-03-16T03:55:49Z","caller":"handlers/server.go:391","msg":"EPP sent request body response(s) to proxy","x-request-id":"3587f6ed-0882-9a92-87f9-aad27bed0f27","modelName":"food-review-1","targetModelName":"food-review-1"}
{"level":"debug","ts":"2026-03-16T03:55:49Z","caller":"handlers/server.go:419","msg":"EPP sent response body back to proxy","x-request-id":"3587f6ed-0882-9a92-87f9-aad27bed0f27"}
{"level":"debug","ts":"2026-03-16T03:55:49Z","caller":"handlers/server.go:225","msg":"EPP received request","x-request-id":"508de4db-4e39-93e2-ac0c-e71b315e78c3"}
{"level":"debug","ts":"2026-03-16T03:55:49Z","caller":"handlers/server.go:391","msg":"EPP sent request body response(s) to proxy","x-request-id":"508de4db-4e39-93e2-ac0c-e71b315e78c3","modelName":"food-review-1","targetModelName":"food-review-1"}
{"level":"debug","ts":"2026-03-16T03:55:49Z","caller":"handlers/server.go:419","msg":"EPP sent response body back to proxy","x-request-id":"508de4db-4e39-93e2-ac0c-e71b315e78c3"}
{"level":"debug","ts":"2026-03-16T03:55:49Z","caller":"handlers/server.go:225","msg":"EPP received request","x-request-id":"e38958fa-b0b8-9cdc-946a-2249c8919dc8"}
{"level":"debug","ts":"2026-03-16T03:55:49Z","caller":"handlers/server.go:391","msg":"EPP sent request body response(s) to proxy","x-request-id":"e38958fa-b0b8-9cdc-946a-2249c8919dc8","modelName":"food-review-1","targetModelName":"food-review-1"}
{"level":"debug","ts":"2026-03-16T03:55:49Z","caller":"handlers/server.go:419","msg":"EPP sent response body back to proxy","x-request-id":"e38958fa-b0b8-9cdc-946a-2249c8919dc8"}
{"level":"debug","ts":"2026-03-16T03:55:49Z","caller":"handlers/server.go:225","msg":"EPP received request","x-request-id":"7a1a1cbd-7cdf-9f09-b061-19d9763c9fcd"}
{"level":"debug","ts":"2026-03-16T03:55:49Z","caller":"handlers/server.go:391","msg":"EPP sent request body response(s) to proxy","x-request-id":"7a1a1cbd-7cdf-9f09-b061-19d9763c9fcd","modelName":"food-review-1","targetModelName":"food-review-1"}
{"level":"debug","ts":"2026-03-16T03:55:49Z","caller":"handlers/server.go:419","msg":"EPP sent response body back to proxy","x-request-id":"7a1a1cbd-7cdf-9f09-b061-19d9763c9fcd"}
{"level":"debug","ts":"2026-03-16T03:55:49Z","caller":"handlers/server.go:225","msg":"EPP received request","x-request-id":"f7391d6f-6cb3-9d47-8895-6e2732b8bed7"}
{"level":"debug","ts":"2026-03-16T03:55:49Z","caller":"handlers/server.go:391","msg":"EPP sent request body response(s) to proxy","x-request-id":"f7391d6f-6cb3-9d47-8895-6e2732b8bed7","modelName":"food-review-1","targetModelName":"food-review-1"}
{"level":"debug","ts":"2026-03-16T03:55:49Z","caller":"handlers/server.go:419","msg":"EPP sent response body back to proxy","x-request-id":"f7391d6f-6cb3-9d47-8895-6e2732b8bed7"}
{"level":"debug","ts":"2026-03-16T03:55:49Z","caller":"handlers/server.go:225","msg":"EPP received request","x-request-id":"35ff0c7a-9989-9e44-8621-b4e9d051e07d"}
{"level":"debug","ts":"2026-03-16T03:55:49Z","caller":"handlers/server.go:391","msg":"EPP sent request body response(s) to proxy","x-request-id":"35ff0c7a-9989-9e44-8621-b4e9d051e07d","modelName":"food-review-1","targetModelName":"food-review-1"}
{"level":"debug","ts":"2026-03-16T03:55:49Z","caller":"handlers/server.go:419","msg":"EPP sent response body back to proxy","x-request-id":"35ff0c7a-9989-9e44-8621-b4e9d051e07d"}
{"level":"debug","ts":"2026-03-16T03:55:49Z","caller":"handlers/server.go:225","msg":"EPP received request","x-request-id":"198efc38-32d7-9c79-b107-fb5dc6b5e4ee"}
{"level":"debug","ts":"2026-03-16T03:55:49Z","caller":"handlers/server.go:391","msg":"EPP sent request body response(s) to proxy","x-request-id":"198efc38-32d7-9c79-b107-fb5dc6b5e4ee","modelName":"food-review-1","targetModelName":"food-review-1"}
{"level":"debug","ts":"2026-03-16T03:55:49Z","caller":"handlers/server.go:419","msg":"EPP sent response body back to proxy","x-request-id":"198efc38-32d7-9c79-b107-fb5dc6b5e4ee"}
{"level":"debug","ts":"2026-03-16T03:55:49Z","caller":"handlers/server.go:225","msg":"EPP received request","x-request-id":"7a4256b3-15d9-96a2-aa09-88bf16a03daa"}
{"level":"debug","ts":"2026-03-16T03:55:49Z","caller":"handlers/server.go:391","msg":"EPP sent request body response(s) to proxy","x-request-id":"7a4256b3-15d9-96a2-aa09-88bf16a03daa","modelName":"food-review-1","targetModelName":"food-review-1"}
{"level":"debug","ts":"2026-03-16T03:55:49Z","caller":"handlers/server.go:419","msg":"EPP sent response body back to proxy","x-request-id":"7a4256b3-15d9-96a2-aa09-88bf16a03daa"}
{"level":"debug","ts":"2026-03-16T03:55:49Z","caller":"handlers/server.go:225","msg":"EPP received request","x-request-id":"b1f2500b-7ac7-946f-a048-8f4faa9b8861"}
{"level":"debug","ts":"2026-03-16T03:55:49Z","caller":"handlers/server.go:391","msg":"EPP sent request body response(s) to proxy","x-request-id":"b1f2500b-7ac7-946f-a048-8f4faa9b8861","modelName":"food-review-1","targetModelName":"food-review-1"}
{"level":"debug","ts":"2026-03-16T03:55:49Z","caller":"handlers/server.go:419","msg":"EPP sent response body back to proxy","x-request-id":"b1f2500b-7ac7-946f-a048-8f4faa9b8861"}
{"level":"debug","ts":"2026-03-16T03:55:49Z","caller":"handlers/server.go:225","msg":"EPP received request","x-request-id":"c6645bd4-71e6-9e37-bc61-85e7566cc199"}
{"level":"debug","ts":"2026-03-16T03:55:49Z","caller":"handlers/server.go:391","msg":"EPP sent request body response(s) to proxy","x-request-id":"c6645bd4-71e6-9e37-bc61-85e7566cc199","modelName":"food-review-1","targetModelName":"food-review-1"}
{"level":"debug","ts":"2026-03-16T03:55:49Z","caller":"handlers/server.go:419","msg":"EPP sent response body back to proxy","x-request-id":"c6645bd4-71e6-9e37-bc61-85e7566cc199"}
{"level":"debug","ts":"2026-03-16T03:55:49Z","caller":"handlers/server.go:225","msg":"EPP received request","x-request-id":"0c060cb4-69e4-931c-8992-de9f10184138"}
{"level":"debug","ts":"2026-03-16T03:55:49Z","caller":"handlers/server.go:391","msg":"EPP sent request body response(s) to proxy","x-request-id":"0c060cb4-69e4-931c-8992-de9f10184138","modelName":"food-review-1","targetModelName":"food-review-1"}
{"level":"debug","ts":"2026-03-16T03:55:49Z","caller":"handlers/server.go:419","msg":"EPP sent response body back to proxy","x-request-id":"0c060cb4-69e4-931c-8992-de9f10184138"}
{"level":"debug","ts":"2026-03-16T03:55:49Z","caller":"handlers/server.go:225","msg":"EPP received request","x-request-id":"99399221-3624-99a2-b9d9-bf1419439d44"}
{"level":"debug","ts":"2026-03-16T03:55:49Z","caller":"handlers/server.go:391","msg":"EPP sent request body response(s) to proxy","x-request-id":"99399221-3624-99a2-b9d9-bf1419439d44","modelName":"food-review-1","targetModelName":"food-review-1"}
{"level":"debug","ts":"2026-03-16T03:55:49Z","caller":"handlers/server.go:419","msg":"EPP sent response body back to proxy","x-request-id":"99399221-3624-99a2-b9d9-bf1419439d44"}
{"level":"debug","ts":"2026-03-16T03:55:49Z","caller":"handlers/server.go:225","msg":"EPP received request","x-request-id":"adeef05c-a10f-99c2-bd25-f94090d331bf"}
{"level":"debug","ts":"2026-03-16T03:55:49Z","caller":"handlers/server.go:391","msg":"EPP sent request body response(s) to proxy","x-request-id":"adeef05c-a10f-99c2-bd25-f94090d331bf","modelName":"food-review-1","targetModelName":"food-review-1"}
{"level":"debug","ts":"2026-03-16T03:55:49Z","caller":"handlers/server.go:419","msg":"EPP sent response body back to proxy","x-request-id":"adeef05c-a10f-99c2-bd25-f94090d331bf"}
{"level":"debug","ts":"2026-03-16T03:55:49Z","caller":"handlers/server.go:225","msg":"EPP received request","x-request-id":"90304ff1-c76d-94b1-8fd7-56acb18f3e91"}
{"level":"debug","ts":"2026-03-16T03:55:49Z","caller":"handlers/server.go:391","msg":"EPP sent request body response(s) to proxy","x-request-id":"90304ff1-c76d-94b1-8fd7-56acb18f3e91","modelName":"food-review-1","targetModelName":"food-review-1"}
{"level":"debug","ts":"2026-03-16T03:55:49Z","caller":"handlers/server.go:419","msg":"EPP sent response body back to proxy","x-request-id":"90304ff1-c76d-94b1-8fd7-56acb18f3e91"}
{"level":"debug","ts":"2026-03-16T03:55:49Z","caller":"handlers/server.go:225","msg":"EPP received request","x-request-id":"648daa5d-fbaa-9812-9605-dceb12ce15bd"}
{"level":"debug","ts":"2026-03-16T03:55:49Z","caller":"handlers/server.go:391","msg":"EPP sent request body response(s) to proxy","x-request-id":"648daa5d-fbaa-9812-9605-dceb12ce15bd","modelName":"food-review-1","targetModelName":"food-review-1"}
{"level":"debug","ts":"2026-03-16T03:55:49Z","caller":"handlers/server.go:419","msg":"EPP sent response body back to proxy","x-request-id":"648daa5d-fbaa-9812-9605-dceb12ce15bd"}
{"level":"debug","ts":"2026-03-16T03:55:49Z","caller":"handlers/server.go:225","msg":"EPP received request","x-request-id":"5ae0999a-76fa-97a7-bb2a-fbb7dcf6d708"}
{"level":"debug","ts":"2026-03-16T03:55:49Z","caller":"handlers/server.go:391","msg":"EPP sent request body response(s) to proxy","x-request-id":"5ae0999a-76fa-97a7-bb2a-fbb7dcf6d708","modelName":"food-review-1","targetModelName":"food-review-1"}
{"level":"debug","ts":"2026-03-16T03:55:49Z","caller":"handlers/server.go:419","msg":"EPP sent response body back to proxy","x-request-id":"5ae0999a-76fa-97a7-bb2a-fbb7dcf6d708"}
{"level":"debug","ts":"2026-03-16T03:55:49Z","caller":"handlers/server.go:225","msg":"EPP received request","x-request-id":"f954553f-26db-9b70-b95a-ea1e0c9e7ad0"}
{"level":"debug","ts":"2026-03-16T03:55:49Z","caller":"handlers/server.go:391","msg":"EPP sent request body response(s) to proxy","x-request-id":"f954553f-26db-9b70-b95a-ea1e0c9e7ad0","modelName":"food-review-1","targetModelName":"food-review-1"}
{"level":"debug","ts":"2026-03-16T03:55:49Z","caller":"handlers/server.go:419","msg":"EPP sent response body back to proxy","x-request-id":"f954553f-26db-9b70-b95a-ea1e0c9e7ad0"}
{"level":"debug","ts":"2026-03-16T03:55:49Z","caller":"handlers/server.go:225","msg":"EPP received request","x-request-id":"84823116-6acc-9a97-91c1-d909812d073d"}
{"level":"debug","ts":"2026-03-16T03:55:49Z","caller":"handlers/server.go:391","msg":"EPP sent request body response(s) to proxy","x-request-id":"84823116-6acc-9a97-91c1-d909812d073d","modelName":"food-review-1","targetModelName":"food-review-1"}
{"level":"debug","ts":"2026-03-16T03:55:49Z","caller":"handlers/server.go:419","msg":"EPP sent response body back to proxy","x-request-id":"84823116-6acc-9a97-91c1-d909812d073d"}
{"level":"debug","ts":"2026-03-16T03:55:49Z","caller":"handlers/server.go:225","msg":"EPP received request","x-request-id":"c2ff3d45-339e-9f9f-b28e-e7fd73e904f9"}
{"level":"debug","ts":"2026-03-16T03:55:49Z","caller":"handlers/server.go:391","msg":"EPP sent request body response(s) to proxy","x-request-id":"c2ff3d45-339e-9f9f-b28e-e7fd73e904f9","modelName":"food-review-1","targetModelName":"food-review-1"}
{"level":"debug","ts":"2026-03-16T03:55:49Z","caller":"handlers/server.go:419","msg":"EPP sent response body back to proxy","x-request-id":"c2ff3d45-339e-9f9f-b28e-e7fd73e904f9"}
{"level":"debug","ts":"2026-03-16T03:55:49Z","caller":"handlers/server.go:225","msg":"EPP received request","x-request-id":"bc18e194-6b56-9fa0-a25e-af5719d05cdf"}
{"level":"debug","ts":"2026-03-16T03:55:49Z","caller":"handlers/server.go:391","msg":"EPP sent request body response(s) to proxy","x-request-id":"bc18e194-6b56-9fa0-a25e-af5719d05cdf","modelName":"food-review-1","targetModelName":"food-review-1"}
{"level":"debug","ts":"2026-03-16T03:55:49Z","caller":"handlers/server.go:419","msg":"EPP sent response body back to proxy","x-request-id":"bc18e194-6b56-9fa0-a25e-af5719d05cdf"}
{"level":"debug","ts":"2026-03-16T03:55:49Z","caller":"handlers/server.go:225","msg":"EPP received request","x-request-id":"3ac6838e-fe5f-9682-8171-abe2ccd0599b"}
{"level":"debug","ts":"2026-03-16T03:55:49Z","caller":"handlers/server.go:391","msg":"EPP sent request body response(s) to proxy","x-request-id":"3ac6838e-fe5f-9682-8171-abe2ccd0599b","modelName":"food-review-1","targetModelName":"food-review-1"}
{"level":"debug","ts":"2026-03-16T03:55:49Z","caller":"handlers/server.go:419","msg":"EPP sent response body back to proxy","x-request-id":"3ac6838e-fe5f-9682-8171-abe2ccd0599b"}
{"level":"debug","ts":"2026-03-16T03:55:49Z","caller":"handlers/server.go:225","msg":"EPP received request","x-request-id":"4c56394b-10f8-95c1-a432-9b651999d20c"}
{"level":"debug","ts":"2026-03-16T03:55:49Z","caller":"handlers/server.go:391","msg":"EPP sent request body response(s) to proxy","x-request-id":"4c56394b-10f8-95c1-a432-9b651999d20c","modelName":"food-review-1","targetModelName":"food-review-1"}
{"level":"debug","ts":"2026-03-16T03:55:49Z","caller":"handlers/server.go:419","msg":"EPP sent response body back to proxy","x-request-id":"4c56394b-10f8-95c1-a432-9b651999d20c"}
{"level":"debug","ts":"2026-03-16T03:55:49Z","caller":"handlers/server.go:225","msg":"EPP received request","x-request-id":"cf9e2d3d-f546-96d4-b84e-b15146e6571a"}
{"level":"debug","ts":"2026-03-16T03:55:49Z","caller":"handlers/server.go:391","msg":"EPP sent request body response(s) to proxy","x-request-id":"cf9e2d3d-f546-96d4-b84e-b15146e6571a","modelName":"food-review-1","targetModelName":"food-review-1"}
{"level":"debug","ts":"2026-03-16T03:55:49Z","caller":"handlers/server.go:419","msg":"EPP sent response body back to proxy","x-request-id":"cf9e2d3d-f546-96d4-b84e-b15146e6571a"}
{"level":"debug","ts":"2026-03-16T03:55:50Z","caller":"handlers/server.go:225","msg":"EPP received request","x-request-id":"762d829f-b828-989b-ba52-529a8b8c4dce"}
{"level":"debug","ts":"2026-03-16T03:55:50Z","caller":"handlers/server.go:391","msg":"EPP sent request body response(s) to proxy","x-request-id":"762d829f-b828-989b-ba52-529a8b8c4dce","modelName":"food-review-1","targetModelName":"food-review-1"}
{"level":"debug","ts":"2026-03-16T03:55:50Z","caller":"handlers/server.go:419","msg":"EPP sent response body back to proxy","x-request-id":"762d829f-b828-989b-ba52-529a8b8c4dce"}
{"level":"debug","ts":"2026-03-16T03:55:50Z","caller":"handlers/server.go:225","msg":"EPP received request","x-request-id":"8250c9d6-6153-9571-9b98-7fb8817ff082"}
{"level":"debug","ts":"2026-03-16T03:55:50Z","caller":"handlers/server.go:391","msg":"EPP sent request body response(s) to proxy","x-request-id":"8250c9d6-6153-9571-9b98-7fb8817ff082","modelName":"food-review-1","targetModelName":"food-review-1"}
{"level":"debug","ts":"2026-03-16T03:55:50Z","caller":"handlers/server.go:419","msg":"EPP sent response body back to proxy","x-request-id":"8250c9d6-6153-9571-9b98-7fb8817ff082"}
{"level":"debug","ts":"2026-03-16T03:55:50Z","caller":"handlers/server.go:225","msg":"EPP received request","x-request-id":"58ee025f-fd42-98b2-a2f3-749a0b2dff81"}
{"level":"debug","ts":"2026-03-16T03:55:50Z","caller":"handlers/server.go:391","msg":"EPP sent request body response(s) to proxy","x-request-id":"58ee025f-fd42-98b2-a2f3-749a0b2dff81","modelName":"food-review-1","targetModelName":"food-review-1"}
{"level":"debug","ts":"2026-03-16T03:55:50Z","caller":"handlers/server.go:419","msg":"EPP sent response body back to proxy","x-request-id":"58ee025f-fd42-98b2-a2f3-749a0b2dff81"}
{"level":"debug","ts":"2026-03-16T03:55:50Z","caller":"handlers/server.go:225","msg":"EPP received request","x-request-id":"d89d334e-9d34-9674-b878-1a12a47c8544"}
{"level":"debug","ts":"2026-03-16T03:55:50Z","caller":"handlers/server.go:391","msg":"EPP sent request body response(s) to proxy","x-request-id":"d89d334e-9d34-9674-b878-1a12a47c8544","modelName":"food-review-1","targetModelName":"food-review-1"}
{"level":"debug","ts":"2026-03-16T03:55:50Z","caller":"handlers/server.go:419","msg":"EPP sent response body back to proxy","x-request-id":"d89d334e-9d34-9674-b878-1a12a47c8544"}
{"level":"debug","ts":"2026-03-16T03:55:50Z","caller":"handlers/server.go:225","msg":"EPP received request","x-request-id":"78768bdd-1935-9d5e-8161-c84c3c05d67a"}
{"level":"debug","ts":"2026-03-16T03:55:50Z","caller":"handlers/server.go:391","msg":"EPP sent request body response(s) to proxy","x-request-id":"78768bdd-1935-9d5e-8161-c84c3c05d67a","modelName":"food-review-1","targetModelName":"food-review-1"}
{"level":"debug","ts":"2026-03-16T03:55:50Z","caller":"handlers/server.go:419","msg":"EPP sent response body back to proxy","x-request-id":"78768bdd-1935-9d5e-8161-c84c3c05d67a"}
{"level":"debug","ts":"2026-03-16T03:55:50Z","caller":"handlers/server.go:225","msg":"EPP received request","x-request-id":"bf1829f8-dc80-9a5a-85b4-83dcc49e1c24"}
{"level":"debug","ts":"2026-03-16T03:55:50Z","caller":"handlers/server.go:391","msg":"EPP sent request body response(s) to proxy","x-request-id":"bf1829f8-dc80-9a5a-85b4-83dcc49e1c24","modelName":"food-review-1","targetModelName":"food-review-1"}
{"level":"debug","ts":"2026-03-16T03:55:50Z","caller":"handlers/server.go:419","msg":"EPP sent response body back to proxy","x-request-id":"bf1829f8-dc80-9a5a-85b4-83dcc49e1c24"}
{"level":"debug","ts":"2026-03-16T03:55:50Z","caller":"handlers/server.go:225","msg":"EPP received request","x-request-id":"49d4e1fe-8aed-9d45-8e2f-46dd7090d036"}
{"level":"debug","ts":"2026-03-16T03:55:50Z","caller":"handlers/server.go:391","msg":"EPP sent request body response(s) to proxy","x-request-id":"49d4e1fe-8aed-9d45-8e2f-46dd7090d036","modelName":"food-review-1","targetModelName":"food-review-1"}
{"level":"debug","ts":"2026-03-16T03:55:50Z","caller":"handlers/server.go:419","msg":"EPP sent response body back to proxy","x-request-id":"49d4e1fe-8aed-9d45-8e2f-46dd7090d036"}
{"level":"debug","ts":"2026-03-16T03:55:50Z","caller":"handlers/server.go:225","msg":"EPP received request","x-request-id":"3beaa567-9da3-9df3-8b4b-abfefd9700a2"}
{"level":"debug","ts":"2026-03-16T03:55:50Z","caller":"handlers/server.go:391","msg":"EPP sent request body response(s) to proxy","x-request-id":"3beaa567-9da3-9df3-8b4b-abfefd9700a2","modelName":"food-review-1","targetModelName":"food-review-1"}
{"level":"debug","ts":"2026-03-16T03:55:50Z","caller":"handlers/server.go:419","msg":"EPP sent response body back to proxy","x-request-id":"3beaa567-9da3-9df3-8b4b-abfefd9700a2"}
{"level":"debug","ts":"2026-03-16T03:55:50Z","caller":"handlers/server.go:225","msg":"EPP received request","x-request-id":"e275b990-8605-9186-a7e2-2c55996fc51f"}
{"level":"debug","ts":"2026-03-16T03:55:50Z","caller":"handlers/server.go:391","msg":"EPP sent request body response(s) to proxy","x-request-id":"e275b990-8605-9186-a7e2-2c55996fc51f","modelName":"food-review-1","targetModelName":"food-review-1"}
{"level":"debug","ts":"2026-03-16T03:55:50Z","caller":"handlers/server.go:419","msg":"EPP sent response body back to proxy","x-request-id":"e275b990-8605-9186-a7e2-2c55996fc51f"}
{"level":"debug","ts":"2026-03-16T03:55:50Z","caller":"handlers/server.go:225","msg":"EPP received request","x-request-id":"b0e3847e-bbc4-92b1-b28f-3d212fcf751d"}
{"level":"debug","ts":"2026-03-16T03:55:50Z","caller":"handlers/server.go:391","msg":"EPP sent request body response(s) to proxy","x-request-id":"b0e3847e-bbc4-92b1-b28f-3d212fcf751d","modelName":"food-review-1","targetModelName":"food-review-1"}
{"level":"debug","ts":"2026-03-16T03:55:50Z","caller":"handlers/server.go:419","msg":"EPP sent response body back to proxy","x-request-id":"b0e3847e-bbc4-92b1-b28f-3d212fcf751d"}
{"level":"debug","ts":"2026-03-16T03:55:50Z","caller":"handlers/server.go:225","msg":"EPP received request","x-request-id":"8b00fdcd-0cdb-97ab-af12-7d54ef10e402"}
{"level":"debug","ts":"2026-03-16T03:55:50Z","caller":"handlers/server.go:391","msg":"EPP sent request body response(s) to proxy","x-request-id":"8b00fdcd-0cdb-97ab-af12-7d54ef10e402","modelName":"food-review-1","targetModelName":"food-review-1"}
{"level":"debug","ts":"2026-03-16T03:55:50Z","caller":"handlers/server.go:419","msg":"EPP sent response body back to proxy","x-request-id":"8b00fdcd-0cdb-97ab-af12-7d54ef10e402"}
{"level":"debug","ts":"2026-03-16T03:55:50Z","caller":"handlers/server.go:225","msg":"EPP received request","x-request-id":"db2a7615-20a5-91bc-8d70-f5e564febb30"}
{"level":"debug","ts":"2026-03-16T03:55:50Z","caller":"handlers/server.go:391","msg":"EPP sent request body response(s) to proxy","x-request-id":"db2a7615-20a5-91bc-8d70-f5e564febb30","modelName":"food-review-1","targetModelName":"food-review-1"}
{"level":"debug","ts":"2026-03-16T03:55:50Z","caller":"handlers/server.go:419","msg":"EPP sent response body back to proxy","x-request-id":"db2a7615-20a5-91bc-8d70-f5e564febb30"}
{"level":"debug","ts":"2026-03-16T03:55:50Z","caller":"handlers/server.go:225","msg":"EPP received request","x-request-id":"f72c56e0-1aee-9ed6-beae-bb81fcc60e8c"}
{"level":"debug","ts":"2026-03-16T03:55:50Z","caller":"handlers/server.go:391","msg":"EPP sent request body response(s) to proxy","x-request-id":"f72c56e0-1aee-9ed6-beae-bb81fcc60e8c","modelName":"food-review-1","targetModelName":"food-review-1"}
{"level":"debug","ts":"2026-03-16T03:55:50Z","caller":"handlers/server.go:419","msg":"EPP sent response body back to proxy","x-request-id":"f72c56e0-1aee-9ed6-beae-bb81fcc60e8c"}
{"level":"debug","ts":"2026-03-16T03:55:50Z","caller":"handlers/server.go:225","msg":"EPP received request","x-request-id":"a51a6f5c-a842-9b54-b881-e6f7cec90ced"}
{"level":"debug","ts":"2026-03-16T03:55:50Z","caller":"handlers/server.go:391","msg":"EPP sent request body response(s) to proxy","x-request-id":"a51a6f5c-a842-9b54-b881-e6f7cec90ced","modelName":"food-review-1","targetModelName":"food-review-1"}
{"level":"debug","ts":"2026-03-16T03:55:50Z","caller":"handlers/server.go:419","msg":"EPP sent response body back to proxy","x-request-id":"a51a6f5c-a842-9b54-b881-e6f7cec90ced"}
{"level":"debug","ts":"2026-03-16T03:55:50Z","caller":"handlers/server.go:225","msg":"EPP received request","x-request-id":"5e37bf08-e995-937a-80ca-0f9f35199ae4"}
{"level":"debug","ts":"2026-03-16T03:55:50Z","caller":"handlers/server.go:391","msg":"EPP sent request body response(s) to proxy","x-request-id":"5e37bf08-e995-937a-80ca-0f9f35199ae4","modelName":"food-review-1","targetModelName":"food-review-1"}
{"level":"debug","ts":"2026-03-16T03:55:50Z","caller":"handlers/server.go:419","msg":"EPP sent response body back to proxy","x-request-id":"5e37bf08-e995-937a-80ca-0f9f35199ae4"}
{"level":"debug","ts":"2026-03-16T03:55:50Z","caller":"handlers/server.go:225","msg":"EPP received request","x-request-id":"0254b359-9802-94c8-96a0-6d1f40f5d056"}
{"level":"debug","ts":"2026-03-16T03:55:50Z","caller":"handlers/server.go:391","msg":"EPP sent request body response(s) to proxy","x-request-id":"0254b359-9802-94c8-96a0-6d1f40f5d056","modelName":"food-review-1","targetModelName":"food-review-1"}
{"level":"debug","ts":"2026-03-16T03:55:50Z","caller":"handlers/server.go:419","msg":"EPP sent response body back to proxy","x-request-id":"0254b359-9802-94c8-96a0-6d1f40f5d056"}
{"level":"debug","ts":"2026-03-16T03:55:50Z","caller":"handlers/server.go:225","msg":"EPP received request","x-request-id":"800459ce-f009-982e-a17a-da274aff8157"}
{"level":"debug","ts":"2026-03-16T03:55:50Z","caller":"handlers/server.go:391","msg":"EPP sent request body response(s) to proxy","x-request-id":"800459ce-f009-982e-a17a-da274aff8157","modelName":"food-review-1","targetModelName":"food-review-1"}
{"level":"debug","ts":"2026-03-16T03:55:50Z","caller":"handlers/server.go:419","msg":"EPP sent response body back to proxy","x-request-id":"800459ce-f009-982e-a17a-da274aff8157"}
{"level":"debug","ts":"2026-03-16T03:55:50Z","caller":"handlers/server.go:225","msg":"EPP received request","x-request-id":"dca4f4ef-57f1-9349-967f-dbac8c1773d3"}
{"level":"debug","ts":"2026-03-16T03:55:50Z","caller":"handlers/server.go:391","msg":"EPP sent request body response(s) to proxy","x-request-id":"dca4f4ef-57f1-9349-967f-dbac8c1773d3","modelName":"food-review-1","targetModelName":"food-review-1"}
{"level":"debug","ts":"2026-03-16T03:55:50Z","caller":"handlers/server.go:419","msg":"EPP sent response body back to proxy","x-request-id":"dca4f4ef-57f1-9349-967f-dbac8c1773d3"}
{"level":"debug","ts":"2026-03-16T03:55:50Z","caller":"handlers/server.go:225","msg":"EPP received request","x-request-id":"015136e7-7714-9189-88b1-e1242689166a"}
{"level":"debug","ts":"2026-03-16T03:55:50Z","caller":"handlers/server.go:391","msg":"EPP sent request body response(s) to proxy","x-request-id":"015136e7-7714-9189-88b1-e1242689166a","modelName":"food-review-1","targetModelName":"food-review-1"}
{"level":"debug","ts":"2026-03-16T03:55:50Z","caller":"handlers/server.go:419","msg":"EPP sent response body back to proxy","x-request-id":"015136e7-7714-9189-88b1-e1242689166a"}
