2026/03/16 04:31:55 return response headers
2026/03/16 04:31:55 Got stream
2026/03/16 04:31:55 return response headers
2026/03/16 04:31:55 Got stream
2026/03/16 04:31:55 return response headers
2026/03/16 04:31:55 return response body chunk len=51200 eos=false
2026/03/16 04:31:55 return response body chunk len=3966 eos=false
2026/03/16 04:31:55 Got stream
2026/03/16 04:31:55 return response headers
2026/03/16 04:31:55 Got stream
2026/03/16 04:31:55 return response headers
2026/03/16 04:31:55 Got stream
2026/03/16 04:31:55 return response headers
2026/03/16 04:31:55 return response body chunk len=51200 eos=false
2026/03/16 04:31:55 return response body chunk len=3966 eos=false
2026/03/16 04:31:55 Got stream
2026/03/16 04:31:55 return response headers
2026/03/16 04:31:55 return response body chunk len=51200 eos=false
2026/03/16 04:31:55 return response body chunk len=51200 eos=false
2026/03/16 04:31:55 return response body chunk len=51200 eos=false
2026/03/16 04:31:55 Got stream
2026/03/16 04:31:55 Got stream
2026/03/16 04:31:55 return response headers
2026/03/16 04:31:55 return response headers
2026/03/16 04:31:55 Got stream
2026/03/16 04:31:55 return response body chunk len=3966 eos=false
2026/03/16 04:31:55 return response headers
2026/03/16 04:31:55 return response body chunk len=3966 eos=false
2026/03/16 04:31:55 Got stream
2026/03/16 04:31:55 return response headers
2026/03/16 04:31:55 Got stream
2026/03/16 04:31:55 return response headers
2026/03/16 04:31:55 Got stream
2026/03/16 04:31:55 return response headers
2026/03/16 04:31:55 Got stream
2026/03/16 04:31:55 return response headers
2026/03/16 04:31:55 Got stream
2026/03/16 04:31:55 return response headers
2026/03/16 04:31:55 Got stream
2026/03/16 04:31:55 return response headers
2026/03/16 04:31:55 Got stream
2026/03/16 04:31:55 return response headers
2026/03/16 04:31:55 Got stream
2026/03/16 04:31:55 return response headers
2026/03/16 04:31:55 Got stream
2026/03/16 04:31:55 return response headers
2026/03/16 04:31:55 Got stream
2026/03/16 04:31:55 return response headers
2026/03/16 04:31:55 Got stream
2026/03/16 04:31:55 return response headers
2026/03/16 04:31:55 Got stream
2026/03/16 04:31:55 return response headers
2026/03/16 04:31:55 Got stream
2026/03/16 04:31:55 return response headers
2026/03/16 04:31:55 Got stream
2026/03/16 04:31:55 return response headers
2026/03/16 04:31:55 Got stream
2026/03/16 04:31:55 Got stream
2026/03/16 04:31:55 return response headers
2026/03/16 04:31:55 return response headers
2026/03/16 04:31:56 return response body chunk len=0 eos=true
2026/03/16 04:31:56 send error rpc error: code = Canceled desc = context canceled
2026/03/16 04:31:56 return response body chunk len=18274 eos=false
2026/03/16 04:31:56 send error rpc error: code = Canceled desc = context canceled
2026/03/16 04:31:56 return response body chunk len=3966 eos=false
2026/03/16 04:31:56 return response body chunk len=3966 eos=false
2026/03/16 04:31:56 return response body chunk len=0 eos=true
2026/03/16 04:31:56 send error rpc error: code = Canceled desc = context canceled
2026/03/16 04:31:56 Got stream
2026/03/16 04:31:56 return response headers
2026/03/16 04:31:56 Got stream
2026/03/16 04:31:56 return response headers
2026/03/16 04:31:56 return response body chunk len=18274 eos=false
2026/03/16 04:31:56 send error rpc error: code = Canceled desc = context canceled
2026/03/16 04:31:56 return response body chunk len=3794 eos=false
2026/03/16 04:31:56 send error rpc error: code = Canceled desc = context canceled
2026/03/16 04:31:56 return response body chunk len=0 eos=true
2026/03/16 04:31:56 send error rpc error: code = Canceled desc = context canceled
2026/03/16 04:31:56 return response body chunk len=51200 eos=false
2026/03/16 04:31:56 Got stream
2026/03/16 04:31:56 return response headers
2026/03/16 04:31:56 Got stream
2026/03/16 04:31:56 return response headers
2026/03/16 04:31:56 Got stream
2026/03/16 04:31:56 return response headers
2026/03/16 04:31:56 return response body chunk len=0 eos=true
2026/03/16 04:31:56 send error rpc error: code = Canceled desc = context canceled
2026/03/16 04:31:56 return response body chunk len=0 eos=true
2026/03/16 04:31:56 send error rpc error: code = Canceled desc = context canceled
2026/03/16 04:31:56 return response body chunk len=47234 eos=false
2026/03/16 04:31:56 send error rpc error: code = Canceled desc = context canceled
2026/03/16 04:31:56 return response body chunk len=51200 eos=false
2026/03/16 04:31:56 return response body chunk len=3966 eos=false
2026/03/16 04:31:56 Got stream
2026/03/16 04:31:56 return response headers
2026/03/16 04:31:56 Got stream
2026/03/16 04:31:56 return response headers
2026/03/16 04:31:56 return response body chunk len=0 eos=true
2026/03/16 04:31:56 send error rpc error: code = Canceled desc = context canceled
2026/03/16 04:31:56 return response body chunk len=0 eos=true
2026/03/16 04:31:56 send error rpc error: code = Canceled desc = context canceled
2026/03/16 04:31:56 return response body chunk len=51200 eos=false
2026/03/16 04:31:56 Got stream
2026/03/16 04:31:56 return response headers
2026/03/16 04:31:56 Got stream
2026/03/16 04:31:56 return response headers
2026/03/16 04:31:56 return response body chunk len=0 eos=true
2026/03/16 04:31:56 send error rpc error: code = Canceled desc = context canceled
2026/03/16 04:31:56 return response body chunk len=47234 eos=false
2026/03/16 04:31:56 send error rpc error: code = Canceled desc = context canceled
2026/03/16 04:31:56 Got stream
2026/03/16 04:31:56 return response headers
2026/03/16 04:31:56 return response body chunk len=51200 eos=false
2026/03/16 04:31:56 Got stream
2026/03/16 04:31:56 return response headers
2026/03/16 04:31:56 return response body chunk len=0 eos=true
2026/03/16 04:31:56 send error rpc error: code = Canceled desc = context canceled
2026/03/16 04:31:56 return response body chunk len=47234 eos=false
2026/03/16 04:31:56 Got stream
2026/03/16 04:31:56 return response headers
2026/03/16 04:31:56 send error rpc error: code = Canceled desc = context canceled
2026/03/16 04:31:56 return response body chunk len=0 eos=true
2026/03/16 04:31:56 send error rpc error: code = Canceled desc = context canceled
2026/03/16 04:31:56 return response body chunk len=51200 eos=false
2026/03/16 04:31:56 return response body chunk len=0 eos=true
2026/03/16 04:31:56 send error rpc error: code = Canceled desc = context canceled
2026/03/16 04:31:56 Got stream
2026/03/16 04:31:56 return response headers
2026/03/16 04:31:56 return response body chunk len=0 eos=true
2026/03/16 04:31:56 send error rpc error: code = Canceled desc = context canceled
2026/03/16 04:31:56 return response body chunk len=3966 eos=false
2026/03/16 04:31:56 return response body chunk len=47234 eos=false
2026/03/16 04:31:56 send error rpc error: code = Canceled desc = context canceled
2026/03/16 04:31:56 return response body chunk len=47234 eos=false
2026/03/16 04:31:56 Got stream
2026/03/16 04:31:56 return response headers
2026/03/16 04:31:56 send error rpc error: code = Canceled desc = context canceled
2026/03/16 04:31:56 Got stream
2026/03/16 04:31:56 return response headers
2026/03/16 04:31:56 return response body chunk len=51200 eos=false
2026/03/16 04:31:56 return response body chunk len=51200 eos=false
2026/03/16 04:31:56 Got stream
2026/03/16 04:31:56 Got stream
2026/03/16 04:31:56 return response headers
2026/03/16 04:31:56 return response headers
2026/03/16 04:31:56 Got stream
2026/03/16 04:31:56 return response headers
2026/03/16 04:31:56 return response body chunk len=51200 eos=false
2026/03/16 04:31:56 Got stream
2026/03/16 04:31:56 return response body chunk len=3966 eos=false
2026/03/16 04:31:56 return response headers
2026/03/16 04:31:56 Got stream
2026/03/16 04:31:56 return response headers
2026/03/16 04:31:56 Got stream
2026/03/16 04:31:56 return response headers
2026/03/16 04:31:56 Got stream
2026/03/16 04:31:56 return response headers
2026/03/16 04:31:56 return response body chunk len=3966 eos=false
2026/03/16 04:31:56 Got stream
2026/03/16 04:31:56 return response headers
2026/03/16 04:31:56 return response body chunk len=51200 eos=false
2026/03/16 04:31:56 return response body chunk len=3966 eos=false
2026/03/16 04:31:56 Got stream
2026/03/16 04:31:56 return response headers
2026/03/16 04:31:56 return response body chunk len=3966 eos=false
2026/03/16 04:31:56 return response body chunk len=51200 eos=false
2026/03/16 04:31:56 Got stream
2026/03/16 04:31:56 return response headers
2026/03/16 04:31:56 Got stream
2026/03/16 04:31:56 return response headers
2026/03/16 04:31:56 return response body chunk len=51200 eos=false
2026/03/16 04:31:56 return response body chunk len=51200 eos=false
2026/03/16 04:31:56 Got stream
2026/03/16 04:31:56 return response headers
2026/03/16 04:31:56 Got stream
2026/03/16 04:31:56 return response headers
2026/03/16 04:31:56 Got stream
2026/03/16 04:31:56 return response headers
2026/03/16 04:31:56 Got stream
2026/03/16 04:31:56 return response headers
2026/03/16 04:31:56 Got stream
2026/03/16 04:31:56 return response headers
2026/03/16 04:31:56 Got stream
2026/03/16 04:31:56 Got stream
2026/03/16 04:31:56 return response headers
2026/03/16 04:31:56 return response headers
2026/03/16 04:31:56 Got stream
2026/03/16 04:31:56 return response headers
2026/03/16 04:31:56 Got stream
2026/03/16 04:31:56 return response headers
2026/03/16 04:31:56 Got stream
2026/03/16 04:31:56 return response headers
2026/03/16 04:31:56 Got stream
2026/03/16 04:31:56 return response headers
2026/03/16 04:31:56 Got stream
2026/03/16 04:31:56 return response headers
2026/03/16 04:31:56 Got stream
2026/03/16 04:31:56 return response headers
2026/03/16 04:31:56 Got stream
2026/03/16 04:31:56 return response headers
2026/03/16 04:31:57 return response body chunk len=47234 eos=false
2026/03/16 04:31:57 return response body chunk len=47234 eos=false
2026/03/16 04:31:57 send error rpc error: code = Canceled desc = context canceled
2026/03/16 04:31:57 send error rpc error: code = Canceled desc = context canceled
2026/03/16 04:31:57 return response body chunk len=0 eos=true
2026/03/16 04:31:57 send error rpc error: code = Canceled desc = context canceled
2026/03/16 04:31:57 return response body chunk len=51200 eos=false
2026/03/16 04:31:57 return response body chunk len=51200 eos=false
2026/03/16 04:31:57 Got stream
2026/03/16 04:31:57 return response headers
2026/03/16 04:31:57 Got stream
2026/03/16 04:31:57 return response headers
2026/03/16 04:31:57 return response body chunk len=0 eos=true
2026/03/16 04:31:57 send error rpc error: code = Canceled desc = context canceled
2026/03/16 04:31:57 return response body chunk len=47234 eos=false
2026/03/16 04:31:57 send error rpc error: code = Canceled desc = context canceled
2026/03/16 04:31:57 return response body chunk len=0 eos=true
2026/03/16 04:31:57 send error rpc error: code = Canceled desc = context canceled
2026/03/16 04:31:57 return response body chunk len=51200 eos=false
2026/03/16 04:31:57 Got stream
2026/03/16 04:31:57 return response headers
2026/03/16 04:31:57 return response body chunk len=3966 eos=false
2026/03/16 04:31:57 return response body chunk len=0 eos=true
2026/03/16 04:31:57 send error rpc error: code = Canceled desc = context canceled
2026/03/16 04:31:57 Got stream
2026/03/16 04:31:57 return response headers
2026/03/16 04:31:57 return response body chunk len=51200 eos=false
2026/03/16 04:31:57 Got stream
2026/03/16 04:31:57 return response body chunk len=0 eos=true
2026/03/16 04:31:57 return response headers
2026/03/16 04:31:57 send error rpc error: code = Canceled desc = context canceled
2026/03/16 04:31:57 return response body chunk len=3966 eos=false
2026/03/16 04:31:57 return response body chunk len=47234 eos=false
2026/03/16 04:31:57 send error rpc error: code = Canceled desc = context canceled
2026/03/16 04:31:57 Got stream
2026/03/16 04:31:57 return response headers
2026/03/16 04:31:57 return response body chunk len=0 eos=true
2026/03/16 04:31:57 send error rpc error: code = Canceled desc = context canceled
2026/03/16 04:31:57 return response body chunk len=0 eos=true
2026/03/16 04:31:57 send error rpc error: code = Canceled desc = context canceled
2026/03/16 04:31:57 return response body chunk len=51200 eos=false
2026/03/16 04:31:57 return response body chunk len=0 eos=true
2026/03/16 04:31:57 send error rpc error: code = Canceled desc = context canceled
2026/03/16 04:31:57 Got stream
2026/03/16 04:31:57 return response headers
2026/03/16 04:31:57 return response body chunk len=47234 eos=false
2026/03/16 04:31:57 return response body chunk len=11206 eos=false
2026/03/16 04:31:57 send error rpc error: code = Canceled desc = context canceled
2026/03/16 04:31:57 Got stream
2026/03/16 04:31:57 return response headers
2026/03/16 04:31:57 return response body chunk len=51200 eos=false
2026/03/16 04:31:57 Got stream
2026/03/16 04:31:57 return response headers
2026/03/16 04:31:57 return response body chunk len=47234 eos=false
2026/03/16 04:31:57 send error rpc error: code = Canceled desc = context canceled
2026/03/16 04:31:57 return response body chunk len=47234 eos=false
2026/03/16 04:31:57 return response body chunk len=0 eos=true
2026/03/16 04:31:57 send error rpc error: code = Canceled desc = context canceled
2026/03/16 04:31:57 return response body chunk len=47234 eos=false
2026/03/16 04:31:57 return response body chunk len=0 eos=true
2026/03/16 04:31:57 send error rpc error: code = Canceled desc = context canceled
2026/03/16 04:31:57 send error rpc error: code = Canceled desc = context canceled
2026/03/16 04:31:57 send error rpc error: code = Canceled desc = context canceled
2026/03/16 04:31:57 return response body chunk len=0 eos=true
2026/03/16 04:31:57 return response body chunk len=0 eos=true
2026/03/16 04:31:57 send error rpc error: code = Canceled desc = context canceled
2026/03/16 04:31:57 send error rpc error: code = Canceled desc = context canceled
2026/03/16 04:31:57 return response body chunk len=51200 eos=false
2026/03/16 04:31:57 return response body chunk len=51200 eos=false
2026/03/16 04:31:57 Got stream
2026/03/16 04:31:57 return response headers
2026/03/16 04:31:57 Got stream
2026/03/16 04:31:57 return response headers
2026/03/16 04:31:57 return response body chunk len=18446 eos=false
2026/03/16 04:31:57 return response body chunk len=51200 eos=false
2026/03/16 04:31:57 Got stream
2026/03/16 04:31:57 Got stream
2026/03/16 04:31:57 return response headers
2026/03/16 04:31:57 return response headers
2026/03/16 04:31:57 return response body chunk len=11206 eos=false
2026/03/16 04:31:57 Got stream
2026/03/16 04:31:57 return response headers
2026/03/16 04:31:57 return response body chunk len=51200 eos=false
2026/03/16 04:31:57 Got stream
2026/03/16 04:31:57 return response headers
2026/03/16 04:31:57 return response body chunk len=51200 eos=false
2026/03/16 04:31:57 return response body chunk len=3966 eos=false
2026/03/16 04:31:57 Got stream
2026/03/16 04:31:57 return response headers
2026/03/16 04:31:57 Got stream
2026/03/16 04:31:57 return response headers
2026/03/16 04:31:57 return response body chunk len=51200 eos=false
2026/03/16 04:31:57 return response body chunk len=51200 eos=false
2026/03/16 04:31:57 Got stream
2026/03/16 04:31:57 return response headers
2026/03/16 04:31:57 Got stream
2026/03/16 04:31:57 return response headers
2026/03/16 04:31:57 return response body chunk len=51200 eos=false
2026/03/16 04:31:57 Got stream
2026/03/16 04:31:57 return response headers
