2026/03/16 05:30:51 [extproc2-body] listening on :9902 (body-delay=20ms)
2026/03/16 05:31:09 [extproc2-body] Got stream
2026/03/16 05:31:09 [extproc2-body] response headers
2026/03/16 05:31:09 [extproc2-body] Got stream
2026/03/16 05:31:09 [extproc2-body] response headers
2026/03/16 05:31:09 [extproc2-body] Got stream
2026/03/16 05:31:09 [extproc2-body] response headers
2026/03/16 05:31:09 [extproc2-body] Got stream
2026/03/16 05:31:09 [extproc2-body] Got stream
2026/03/16 05:31:09 [extproc2-body] response headers
2026/03/16 05:31:09 [extproc2-body] response headers
2026/03/16 05:31:09 [extproc2-body] Got stream
2026/03/16 05:31:09 [extproc2-body] response headers
2026/03/16 05:31:09 [extproc2-body] Got stream
2026/03/16 05:31:09 [extproc2-body] response headers
2026/03/16 05:31:09 [extproc2-body] Got stream
2026/03/16 05:31:09 [extproc2-body] response headers
2026/03/16 05:31:09 [extproc2-body] Got stream
2026/03/16 05:31:09 [extproc2-body] response headers
2026/03/16 05:31:09 [extproc2-body] Got stream
2026/03/16 05:31:09 [extproc2-body] response headers
2026/03/16 05:31:09 [extproc2-body] Got stream
2026/03/16 05:31:09 [extproc2-body] Got stream
2026/03/16 05:31:09 [extproc2-body] Got stream
2026/03/16 05:31:09 [extproc2-body] Got stream
2026/03/16 05:31:09 [extproc2-body] Got stream
2026/03/16 05:31:09 [extproc2-body] response headers
2026/03/16 05:31:09 [extproc2-body] Got stream
2026/03/16 05:31:09 [extproc2-body] response headers
2026/03/16 05:31:09 [extproc2-body] response headers
2026/03/16 05:31:09 [extproc2-body] Got stream
2026/03/16 05:31:09 [extproc2-body] response headers
2026/03/16 05:31:09 [extproc2-body] Got stream
2026/03/16 05:31:09 [extproc2-body] Got stream
2026/03/16 05:31:09 [extproc2-body] Got stream
2026/03/16 05:31:09 [extproc2-body] Got stream
2026/03/16 05:31:09 [extproc2-body] Got stream
2026/03/16 05:31:09 [extproc2-body] response headers
2026/03/16 05:31:09 [extproc2-body] Got stream
2026/03/16 05:31:09 [extproc2-body] response headers
2026/03/16 05:31:09 [extproc2-body] Got stream
2026/03/16 05:31:09 [extproc2-body] response headers
2026/03/16 05:31:09 [extproc2-body] response headers
2026/03/16 05:31:09 [extproc2-body] Got stream
2026/03/16 05:31:09 [extproc2-body] response headers
2026/03/16 05:31:09 [extproc2-body] response headers
2026/03/16 05:31:09 [extproc2-body] response headers
2026/03/16 05:31:09 [extproc2-body] response headers
2026/03/16 05:31:09 [extproc2-body] response headers
2026/03/16 05:31:09 [extproc2-body] response headers
2026/03/16 05:31:09 [extproc2-body] response headers
2026/03/16 05:31:09 [extproc2-body] response body chunk len=3966 eos=false
2026/03/16 05:31:09 [extproc2-body] response body chunk len=51200 eos=false
2026/03/16 05:31:09 [extproc2-body] response body chunk len=51200 eos=false
2026/03/16 05:31:09 [extproc2-body] response body chunk len=3966 eos=false
2026/03/16 05:31:09 [extproc2-body] response body chunk len=47406 eos=false
2026/03/16 05:31:09 [extproc2-body] response body chunk len=3966 eos=false
2026/03/16 05:31:09 [extproc2-body] response body chunk len=51200 eos=false
2026/03/16 05:31:09 [extproc2-body] response body chunk len=51200 eos=false
2026/03/16 05:31:09 [extproc2-body] response body chunk len=51200 eos=false
2026/03/16 05:31:09 [extproc2-body] response body chunk len=51200 eos=false
2026/03/16 05:31:09 [extproc2-body] response body chunk len=3966 eos=false
2026/03/16 05:31:09 [extproc2-body] response body chunk len=51200 eos=false
2026/03/16 05:31:09 [extproc2-body] response body chunk len=51200 eos=false
2026/03/16 05:31:09 [extproc2-body] response body chunk len=51200 eos=false
2026/03/16 05:31:09 [extproc2-body] response body chunk len=51200 eos=false
2026/03/16 05:31:09 [extproc2-body] response body chunk len=51200 eos=false
2026/03/16 05:31:09 [extproc2-body] response body chunk len=51200 eos=false
2026/03/16 05:31:09 [extproc2-body] response body chunk len=51200 eos=false
2026/03/16 05:31:09 [extproc2-body] response body chunk len=51200 eos=false
2026/03/16 05:31:09 [extproc2-body] response body chunk len=51200 eos=false
2026/03/16 05:31:09 [extproc2-body] response body chunk len=51200 eos=false
2026/03/16 05:31:09 [extproc2-body] response body chunk len=51200 eos=false
2026/03/16 05:31:09 [extproc2-body] response body chunk len=51200 eos=false
2026/03/16 05:31:09 [extproc2-body] response body chunk len=51200 eos=false
2026/03/16 05:31:09 [extproc2-body] response body chunk len=51200 eos=false
2026/03/16 05:31:09 [extproc2-body] response body chunk len=47234 eos=false
2026/03/16 05:31:09 [extproc2-body] send error rpc error: code = Canceled desc = context canceled
2026/03/16 05:31:09 [extproc2-body] response body chunk len=3794 eos=false
2026/03/16 05:31:09 [extproc2-body] send error rpc error: code = Canceled desc = context canceled
2026/03/16 05:31:09 [extproc2-body] response body chunk len=47234 eos=false
2026/03/16 05:31:09 [extproc2-body] send error rpc error: code = Canceled desc = context canceled
2026/03/16 05:31:09 [extproc2-body] response body chunk len=0 eos=true
2026/03/16 05:31:09 [extproc2-body] send error rpc error: code = Canceled desc = context canceled
2026/03/16 05:31:09 [extproc2-body] response body chunk len=0 eos=true
2026/03/16 05:31:09 [extproc2-body] send error rpc error: code = Canceled desc = context canceled
2026/03/16 05:31:09 [extproc2-body] response body chunk len=47234 eos=false
2026/03/16 05:31:09 [extproc2-body] send error rpc error: code = Canceled desc = context canceled
2026/03/16 05:31:09 [extproc2-body] response body chunk len=0 eos=true
2026/03/16 05:31:09 [extproc2-body] send error rpc error: code = Canceled desc = context canceled
2026/03/16 05:31:09 [extproc2-body] response body chunk len=0 eos=true
2026/03/16 05:31:09 [extproc2-body] send error rpc error: code = Canceled desc = context canceled
2026/03/16 05:31:09 [extproc2-body] response body chunk len=0 eos=true
2026/03/16 05:31:09 [extproc2-body] send error rpc error: code = Canceled desc = context canceled
2026/03/16 05:31:09 [extproc2-body] response body chunk len=0 eos=true
2026/03/16 05:31:09 [extproc2-body] send error rpc error: code = Canceled desc = context canceled
2026/03/16 05:31:09 [extproc2-body] response body chunk len=47234 eos=false
2026/03/16 05:31:09 [extproc2-body] send error rpc error: code = Canceled desc = context canceled
2026/03/16 05:31:09 [extproc2-body] response body chunk len=0 eos=true
2026/03/16 05:31:09 [extproc2-body] send error rpc error: code = Canceled desc = context canceled
2026/03/16 05:31:09 [extproc2-body] response body chunk len=0 eos=true
2026/03/16 05:31:09 [extproc2-body] send error rpc error: code = Canceled desc = context canceled
2026/03/16 05:31:09 [extproc2-body] response body chunk len=0 eos=true
2026/03/16 05:31:09 [extproc2-body] send error rpc error: code = Canceled desc = context canceled
2026/03/16 05:31:09 [extproc2-body] response body chunk len=0 eos=true
2026/03/16 05:31:09 [extproc2-body] send error rpc error: code = Canceled desc = context canceled
2026/03/16 05:31:09 [extproc2-body] response body chunk len=0 eos=true
2026/03/16 05:31:09 [extproc2-body] send error rpc error: code = Canceled desc = context canceled
2026/03/16 05:31:09 [extproc2-body] response body chunk len=0 eos=true
2026/03/16 05:31:09 [extproc2-body] send error rpc error: code = Canceled desc = context canceled
2026/03/16 05:31:09 [extproc2-body] response body chunk len=0 eos=true
2026/03/16 05:31:09 [extproc2-body] send error rpc error: code = Canceled desc = context canceled
2026/03/16 05:31:09 [extproc2-body] response body chunk len=0 eos=true
2026/03/16 05:31:09 [extproc2-body] send error rpc error: code = Canceled desc = context canceled
2026/03/16 05:31:09 [extproc2-body] response body chunk len=0 eos=true
2026/03/16 05:31:09 [extproc2-body] send error rpc error: code = Canceled desc = context canceled
2026/03/16 05:31:09 [extproc2-body] response body chunk len=0 eos=true
2026/03/16 05:31:09 [extproc2-body] send error rpc error: code = Canceled desc = context canceled
2026/03/16 05:31:09 [extproc2-body] response body chunk len=0 eos=true
2026/03/16 05:31:09 [extproc2-body] send error rpc error: code = Canceled desc = context canceled
2026/03/16 05:31:09 [extproc2-body] response body chunk len=0 eos=true
2026/03/16 05:31:09 [extproc2-body] send error rpc error: code = Canceled desc = context canceled
2026/03/16 05:31:09 [extproc2-body] response body chunk len=0 eos=true
2026/03/16 05:31:09 [extproc2-body] send error rpc error: code = Canceled desc = context canceled
2026/03/16 05:31:09 [extproc2-body] Got stream
2026/03/16 05:31:09 [extproc2-body] response body chunk len=0 eos=true
2026/03/16 05:31:09 [extproc2-body] send error rpc error: code = Canceled desc = context canceled
2026/03/16 05:31:09 [extproc2-body] response headers
2026/03/16 05:31:09 [extproc2-body] Got stream
2026/03/16 05:31:09 [extproc2-body] response headers
2026/03/16 05:31:09 [extproc2-body] Got stream
2026/03/16 05:31:09 [extproc2-body] response headers
2026/03/16 05:31:09 [extproc2-body] Got stream
2026/03/16 05:31:09 [extproc2-body] response headers
2026/03/16 05:31:09 [extproc2-body] Got stream
2026/03/16 05:31:09 [extproc2-body] response headers
2026/03/16 05:31:09 [extproc2-body] Got stream
2026/03/16 05:31:09 [extproc2-body] response headers
2026/03/16 05:31:09 [extproc2-body] Got stream
2026/03/16 05:31:09 [extproc2-body] response headers
2026/03/16 05:31:09 [extproc2-body] Got stream
2026/03/16 05:31:09 [extproc2-body] response headers
2026/03/16 05:31:09 [extproc2-body] Got stream
2026/03/16 05:31:09 [extproc2-body] Got stream
2026/03/16 05:31:09 [extproc2-body] response headers
2026/03/16 05:31:09 [extproc2-body] response headers
2026/03/16 05:31:09 [extproc2-body] Got stream
2026/03/16 05:31:09 [extproc2-body] response headers
2026/03/16 05:31:09 [extproc2-body] Got stream
2026/03/16 05:31:09 [extproc2-body] response headers
2026/03/16 05:31:09 [extproc2-body] response body chunk len=3966 eos=false
2026/03/16 05:31:09 [extproc2-body] Got stream
2026/03/16 05:31:09 [extproc2-body] response headers
2026/03/16 05:31:09 [extproc2-body] Got stream
2026/03/16 05:31:09 [extproc2-body] response headers
2026/03/16 05:31:09 [extproc2-body] Got stream
2026/03/16 05:31:09 [extproc2-body] response headers
2026/03/16 05:31:09 [extproc2-body] Got stream
2026/03/16 05:31:09 [extproc2-body] Got stream
2026/03/16 05:31:09 [extproc2-body] response headers
2026/03/16 05:31:09 [extproc2-body] response headers
2026/03/16 05:31:09 [extproc2-body] response body chunk len=3966 eos=false
2026/03/16 05:31:09 [extproc2-body] Got stream
2026/03/16 05:31:09 [extproc2-body] Got stream
2026/03/16 05:31:09 [extproc2-body] response headers
2026/03/16 05:31:09 [extproc2-body] response headers
2026/03/16 05:31:09 [extproc2-body] response body chunk len=3966 eos=false
2026/03/16 05:31:09 [extproc2-body] response body chunk len=3966 eos=false
2026/03/16 05:31:09 [extproc2-body] send error rpc error: code = Canceled desc = context canceled
2026/03/16 05:31:09 [extproc2-body] response body chunk len=3966 eos=false
2026/03/16 05:31:09 [extproc2-body] Got stream
2026/03/16 05:31:09 [extproc2-body] response body chunk len=3966 eos=false
2026/03/16 05:31:09 [extproc2-body] response body chunk len=3966 eos=false
2026/03/16 05:31:09 [extproc2-body] response headers
2026/03/16 05:31:09 [extproc2-body] response body chunk len=51200 eos=false
2026/03/16 05:31:09 [extproc2-body] Got stream
2026/03/16 05:31:09 [extproc2-body] response headers
2026/03/16 05:31:09 [extproc2-body] Got stream
2026/03/16 05:31:09 [extproc2-body] response headers
2026/03/16 05:31:09 [extproc2-body] Got stream
2026/03/16 05:31:09 [extproc2-body] response headers
2026/03/16 05:31:09 [extproc2-body] response body chunk len=3966 eos=false
2026/03/16 05:31:09 [extproc2-body] response body chunk len=3966 eos=false
2026/03/16 05:31:09 [extproc2-body] response body chunk len=3966 eos=false
2026/03/16 05:31:09 [extproc2-body] response body chunk len=51200 eos=false
2026/03/16 05:31:09 [extproc2-body] Got stream
2026/03/16 05:31:09 [extproc2-body] response headers
2026/03/16 05:31:09 [extproc2-body] Got stream
2026/03/16 05:31:09 [extproc2-body] response headers
2026/03/16 05:31:09 [extproc2-body] response body chunk len=47234 eos=false
2026/03/16 05:31:09 [extproc2-body] send error rpc error: code = Canceled desc = context canceled
2026/03/16 05:31:09 [extproc2-body] response body chunk len=51200 eos=false
2026/03/16 05:31:09 [extproc2-body] response body chunk len=3966 eos=false
2026/03/16 05:31:09 [extproc2-body] response body chunk len=51200 eos=false
2026/03/16 05:31:09 [extproc2-body] response body chunk len=51200 eos=false
2026/03/16 05:31:09 [extproc2-body] response body chunk len=51200 eos=false
2026/03/16 05:31:09 [extproc2-body] response body chunk len=47234 eos=false
2026/03/16 05:31:09 [extproc2-body] send error rpc error: code = Canceled desc = context canceled
2026/03/16 05:31:09 [extproc2-body] response body chunk len=51200 eos=false
2026/03/16 05:31:09 [extproc2-body] response body chunk len=51200 eos=false
2026/03/16 05:31:09 [extproc2-body] response body chunk len=47234 eos=false
2026/03/16 05:31:09 [extproc2-body] send error rpc error: code = Canceled desc = context canceled
2026/03/16 05:31:09 [extproc2-body] response body chunk len=47234 eos=false
2026/03/16 05:31:09 [extproc2-body] send error rpc error: code = Canceled desc = context canceled
2026/03/16 05:31:09 [extproc2-body] response body chunk len=47234 eos=false
2026/03/16 05:31:09 [extproc2-body] send error rpc error: code = Canceled desc = context canceled
2026/03/16 05:31:09 [extproc2-body] response body chunk len=0 eos=true
2026/03/16 05:31:09 [extproc2-body] send error rpc error: code = Canceled desc = context canceled
2026/03/16 05:31:09 [extproc2-body] response body chunk len=51200 eos=false
2026/03/16 05:31:09 [extproc2-body] response body chunk len=47234 eos=false
2026/03/16 05:31:09 [extproc2-body] response body chunk len=51200 eos=false
2026/03/16 05:31:09 [extproc2-body] send error rpc error: code = Canceled desc = context canceled
2026/03/16 05:31:09 [extproc2-body] response body chunk len=3966 eos=false
2026/03/16 05:31:09 [extproc2-body] response body chunk len=47234 eos=false
2026/03/16 05:31:09 [extproc2-body] send error rpc error: code = Canceled desc = context canceled
2026/03/16 05:31:09 [extproc2-body] response body chunk len=47234 eos=false
2026/03/16 05:31:09 [extproc2-body] send error rpc error: code = Canceled desc = context canceled
2026/03/16 05:31:09 [extproc2-body] response body chunk len=47234 eos=false
2026/03/16 05:31:09 [extproc2-body] send error rpc error: code = Canceled desc = context canceled
2026/03/16 05:31:09 [extproc2-body] response body chunk len=51200 eos=false
2026/03/16 05:31:09 [extproc2-body] response body chunk len=51200 eos=false
2026/03/16 05:31:09 [extproc2-body] response body chunk len=0 eos=true
2026/03/16 05:31:09 [extproc2-body] response body chunk len=51200 eos=false
2026/03/16 05:31:09 [extproc2-body] send error rpc error: code = Canceled desc = context canceled
2026/03/16 05:31:09 [extproc2-body] response body chunk len=0 eos=true
2026/03/16 05:31:09 [extproc2-body] send error rpc error: code = Canceled desc = context canceled
2026/03/16 05:31:09 [extproc2-body] response body chunk len=47234 eos=false
2026/03/16 05:31:09 [extproc2-body] response body chunk len=0 eos=true
2026/03/16 05:31:09 [extproc2-body] send error rpc error: code = Canceled desc = context canceled
2026/03/16 05:31:09 [extproc2-body] send error rpc error: code = Canceled desc = context canceled
2026/03/16 05:31:09 [extproc2-body] response body chunk len=0 eos=true
2026/03/16 05:31:09 [extproc2-body] send error rpc error: code = Canceled desc = context canceled
2026/03/16 05:31:09 [extproc2-body] response body chunk len=0 eos=true
2026/03/16 05:31:09 [extproc2-body] send error rpc error: code = Canceled desc = context canceled
2026/03/16 05:31:09 [extproc2-body] response body chunk len=0 eos=true
2026/03/16 05:31:09 [extproc2-body] send error rpc error: code = Canceled desc = context canceled
2026/03/16 05:31:09 [extproc2-body] response body chunk len=0 eos=true
2026/03/16 05:31:09 [extproc2-body] send error rpc error: code = Canceled desc = context canceled
2026/03/16 05:31:09 [extproc2-body] Got stream
2026/03/16 05:31:09 [extproc2-body] response headers
2026/03/16 05:31:09 [extproc2-body] response body chunk len=0 eos=true
2026/03/16 05:31:09 [extproc2-body] send error rpc error: code = Canceled desc = context canceled
2026/03/16 05:31:09 [extproc2-body] response body chunk len=0 eos=true
2026/03/16 05:31:09 [extproc2-body] send error rpc error: code = Canceled desc = context canceled
2026/03/16 05:31:09 [extproc2-body] response body chunk len=47234 eos=false
2026/03/16 05:31:09 [extproc2-body] send error rpc error: code = Canceled desc = context canceled
2026/03/16 05:31:09 [extproc2-body] Got stream
2026/03/16 05:31:09 [extproc2-body] response headers
2026/03/16 05:31:09 [extproc2-body] response body chunk len=0 eos=true
2026/03/16 05:31:09 [extproc2-body] send error rpc error: code = Canceled desc = context canceled
2026/03/16 05:31:09 [extproc2-body] response body chunk len=0 eos=true
2026/03/16 05:31:09 [extproc2-body] send error rpc error: code = Canceled desc = context canceled
2026/03/16 05:31:09 [extproc2-body] response body chunk len=0 eos=true
2026/03/16 05:31:09 [extproc2-body] send error rpc error: code = Canceled desc = context canceled
2026/03/16 05:31:09 [extproc2-body] Got stream
2026/03/16 05:31:09 [extproc2-body] response headers
2026/03/16 05:31:09 [extproc2-body] Got stream
2026/03/16 05:31:09 [extproc2-body] response headers
2026/03/16 05:31:09 [extproc2-body] Got stream
2026/03/16 05:31:09 [extproc2-body] response headers
2026/03/16 05:31:09 [extproc2-body] Got stream
2026/03/16 05:31:09 [extproc2-body] response headers
2026/03/16 05:31:09 [extproc2-body] Got stream
2026/03/16 05:31:09 [extproc2-body] response headers
2026/03/16 05:31:09 [extproc2-body] Got stream
2026/03/16 05:31:09 [extproc2-body] Got stream
2026/03/16 05:31:09 [extproc2-body] response headers
2026/03/16 05:31:09 [extproc2-body] response headers
2026/03/16 05:31:09 [extproc2-body] Got stream
2026/03/16 05:31:09 [extproc2-body] response headers
2026/03/16 05:31:09 [extproc2-body] Got stream
2026/03/16 05:31:09 [extproc2-body] response headers
2026/03/16 05:31:09 [extproc2-body] Got stream
2026/03/16 05:31:09 [extproc2-body] response headers
2026/03/16 05:31:09 [extproc2-body] Got stream
2026/03/16 05:31:09 [extproc2-body] response headers
2026/03/16 05:31:09 [extproc2-body] Got stream
2026/03/16 05:31:09 [extproc2-body] response headers
2026/03/16 05:31:09 [extproc2-body] Got stream
2026/03/16 05:31:09 [extproc2-body] response headers
2026/03/16 05:31:09 [extproc2-body] Got stream
2026/03/16 05:31:09 [extproc2-body] response headers
2026/03/16 05:31:09 [extproc2-body] response body chunk len=51200 eos=false
2026/03/16 05:31:09 [extproc2-body] Got stream
2026/03/16 05:31:09 [extproc2-body] response headers
2026/03/16 05:31:09 [extproc2-body] Got stream
2026/03/16 05:31:09 [extproc2-body] response headers
2026/03/16 05:31:09 [extproc2-body] Got stream
2026/03/16 05:31:09 [extproc2-body] response headers
2026/03/16 05:31:09 [extproc2-body] Got stream
2026/03/16 05:31:09 [extproc2-body] response headers
2026/03/16 05:31:09 [extproc2-body] Got stream
2026/03/16 05:31:09 [extproc2-body] response headers
2026/03/16 05:31:09 [extproc2-body] Got stream
2026/03/16 05:31:09 [extproc2-body] Got stream
2026/03/16 05:31:09 [extproc2-body] response headers
2026/03/16 05:31:09 [extproc2-body] response headers
2026/03/16 05:31:09 [extproc2-body] Got stream
2026/03/16 05:31:09 [extproc2-body] response headers
2026/03/16 05:31:09 [extproc2-body] Got stream
2026/03/16 05:31:09 [extproc2-body] response headers
2026/03/16 05:31:09 [extproc2-body] response body chunk len=3966 eos=false
2026/03/16 05:31:09 [extproc2-body] response body chunk len=3966 eos=false
2026/03/16 05:31:09 [extproc2-body] response body chunk len=51200 eos=false
2026/03/16 05:31:09 [extproc2-body] response body chunk len=51200 eos=false
2026/03/16 05:31:09 [extproc2-body] response body chunk len=51200 eos=false
2026/03/16 05:31:09 [extproc2-body] response body chunk len=51200 eos=false
2026/03/16 05:31:09 [extproc2-body] response body chunk len=51200 eos=false
2026/03/16 05:31:09 [extproc2-body] response body chunk len=51200 eos=false
2026/03/16 05:31:09 [extproc2-body] response body chunk len=3966 eos=false
2026/03/16 05:31:09 [extproc2-body] response body chunk len=51200 eos=false
2026/03/16 05:31:09 [extproc2-body] response body chunk len=3966 eos=false
2026/03/16 05:31:09 [extproc2-body] response body chunk len=3966 eos=false
2026/03/16 05:31:09 [extproc2-body] response body chunk len=51200 eos=false
2026/03/16 05:31:09 [extproc2-body] response body chunk len=0 eos=true
2026/03/16 05:31:09 [extproc2-body] send error rpc error: code = Canceled desc = context canceled
2026/03/16 05:31:09 [extproc2-body] response body chunk len=51200 eos=false
2026/03/16 05:31:09 [extproc2-body] response body chunk len=51200 eos=false
2026/03/16 05:31:09 [extproc2-body] response body chunk len=51200 eos=false
2026/03/16 05:31:09 [extproc2-body] response body chunk len=51200 eos=false
2026/03/16 05:31:09 [extproc2-body] response body chunk len=51200 eos=false
2026/03/16 05:31:09 [extproc2-body] response body chunk len=51200 eos=false
2026/03/16 05:31:09 [extproc2-body] response body chunk len=51200 eos=false
2026/03/16 05:31:09 [extproc2-body] response body chunk len=51200 eos=false
2026/03/16 05:31:09 [extproc2-body] response body chunk len=51200 eos=false
2026/03/16 05:31:09 [extproc2-body] response body chunk len=51200 eos=false
2026/03/16 05:31:09 [extproc2-body] response body chunk len=3966 eos=false
2026/03/16 05:31:09 [extproc2-body] response body chunk len=47234 eos=false
2026/03/16 05:31:09 [extproc2-body] send error rpc error: code = Canceled desc = context canceled
2026/03/16 05:31:09 [extproc2-body] response body chunk len=0 eos=true
2026/03/16 05:31:09 [extproc2-body] response body chunk len=47234 eos=false
2026/03/16 05:31:09 [extproc2-body] send error rpc error: code = Canceled desc = context canceled
2026/03/16 05:31:09 [extproc2-body] send error rpc error: code = Canceled desc = context canceled
2026/03/16 05:31:09 [extproc2-body] response body chunk len=0 eos=true
2026/03/16 05:31:09 [extproc2-body] send error rpc error: code = Canceled desc = context canceled
2026/03/16 05:31:09 [extproc2-body] response body chunk len=0 eos=true
2026/03/16 05:31:09 [extproc2-body] send error rpc error: code = Canceled desc = context canceled
2026/03/16 05:31:09 [extproc2-body] response body chunk len=0 eos=true
2026/03/16 05:31:09 [extproc2-body] response body chunk len=0 eos=true
2026/03/16 05:31:09 [extproc2-body] send error rpc error: code = Canceled desc = context canceled
2026/03/16 05:31:09 [extproc2-body] response body chunk len=0 eos=true
2026/03/16 05:31:09 [extproc2-body] send error rpc error: code = Canceled desc = context canceled
2026/03/16 05:31:09 [extproc2-body] send error rpc error: code = Canceled desc = context canceled
2026/03/16 05:31:09 [extproc2-body] response body chunk len=47234 eos=false
2026/03/16 05:31:09 [extproc2-body] send error rpc error: code = Canceled desc = context canceled
2026/03/16 05:31:09 [extproc2-body] response body chunk len=0 eos=true
2026/03/16 05:31:09 [extproc2-body] send error rpc error: code = Canceled desc = context canceled
2026/03/16 05:31:09 [extproc2-body] response body chunk len=0 eos=true
2026/03/16 05:31:09 [extproc2-body] send error rpc error: code = Canceled desc = context canceled
2026/03/16 05:31:09 [extproc2-body] response body chunk len=47234 eos=false
2026/03/16 05:31:09 [extproc2-body] send error rpc error: code = Canceled desc = context canceled
2026/03/16 05:31:09 [extproc2-body] Got stream
2026/03/16 05:31:09 [extproc2-body] response headers
2026/03/16 05:31:09 [extproc2-body] response body chunk len=47234 eos=false
2026/03/16 05:31:09 [extproc2-body] send error rpc error: code = Canceled desc = context canceled
2026/03/16 05:31:09 [extproc2-body] response body chunk len=0 eos=true
2026/03/16 05:31:09 [extproc2-body] send error rpc error: code = Canceled desc = context canceled
2026/03/16 05:31:09 [extproc2-body] response body chunk len=0 eos=true
2026/03/16 05:31:09 [extproc2-body] send error rpc error: code = Canceled desc = context canceled
2026/03/16 05:31:09 [extproc2-body] response body chunk len=0 eos=true
2026/03/16 05:31:09 [extproc2-body] send error rpc error: code = Canceled desc = context canceled
2026/03/16 05:31:09 [extproc2-body] response body chunk len=0 eos=true
2026/03/16 05:31:09 [extproc2-body] send error rpc error: code = Canceled desc = context canceled
2026/03/16 05:31:09 [extproc2-body] response body chunk len=0 eos=true
2026/03/16 05:31:09 [extproc2-body] send error rpc error: code = Canceled desc = context canceled
2026/03/16 05:31:09 [extproc2-body] response body chunk len=0 eos=true
2026/03/16 05:31:09 [extproc2-body] send error rpc error: code = Canceled desc = context canceled
2026/03/16 05:31:09 [extproc2-body] response body chunk len=0 eos=true
2026/03/16 05:31:09 [extproc2-body] send error rpc error: code = Canceled desc = context canceled
2026/03/16 05:31:09 [extproc2-body] Got stream
2026/03/16 05:31:09 [extproc2-body] response headers
2026/03/16 05:31:09 [extproc2-body] response body chunk len=47234 eos=false
2026/03/16 05:31:09 [extproc2-body] send error rpc error: code = Canceled desc = context canceled
2026/03/16 05:31:09 [extproc2-body] response body chunk len=0 eos=true
2026/03/16 05:31:09 [extproc2-body] send error rpc error: code = Canceled desc = context canceled
2026/03/16 05:31:09 [extproc2-body] response body chunk len=0 eos=true
2026/03/16 05:31:09 [extproc2-body] send error rpc error: code = Canceled desc = context canceled
2026/03/16 05:31:09 [extproc2-body] response body chunk len=0 eos=true
2026/03/16 05:31:09 [extproc2-body] send error rpc error: code = Canceled desc = context canceled
2026/03/16 05:31:09 [extproc2-body] Got stream
2026/03/16 05:31:09 [extproc2-body] response headers
2026/03/16 05:31:09 [extproc2-body] Got stream
2026/03/16 05:31:09 [extproc2-body] response headers
2026/03/16 05:31:09 [extproc2-body] Got stream
2026/03/16 05:31:09 [extproc2-body] response headers
2026/03/16 05:31:09 [extproc2-body] Got stream
2026/03/16 05:31:09 [extproc2-body] response headers
2026/03/16 05:31:09 [extproc2-body] Got stream
2026/03/16 05:31:09 [extproc2-body] Got stream
2026/03/16 05:31:09 [extproc2-body] response headers
2026/03/16 05:31:09 [extproc2-body] response headers
2026/03/16 05:31:09 [extproc2-body] Got stream
2026/03/16 05:31:09 [extproc2-body] response headers
2026/03/16 05:31:09 [extproc2-body] Got stream
2026/03/16 05:31:09 [extproc2-body] response headers
2026/03/16 05:31:09 [extproc2-body] Got stream
2026/03/16 05:31:09 [extproc2-body] response headers
2026/03/16 05:31:09 [extproc2-body] Got stream
2026/03/16 05:31:09 [extproc2-body] response headers
2026/03/16 05:31:09 [extproc2-body] Got stream
2026/03/16 05:31:09 [extproc2-body] response headers
2026/03/16 05:31:09 [extproc2-body] Got stream
2026/03/16 05:31:09 [extproc2-body] response headers
2026/03/16 05:31:09 [extproc2-body] Got stream
2026/03/16 05:31:09 [extproc2-body] response headers
2026/03/16 05:31:09 [extproc2-body] Got stream
2026/03/16 05:31:09 [extproc2-body] response headers
2026/03/16 05:31:09 [extproc2-body] Got stream
2026/03/16 05:31:09 [extproc2-body] response headers
2026/03/16 05:31:09 [extproc2-body] Got stream
2026/03/16 05:31:09 [extproc2-body] response headers
2026/03/16 05:31:09 [extproc2-body] Got stream
2026/03/16 05:31:09 [extproc2-body] response headers
2026/03/16 05:31:09 [extproc2-body] Got stream
2026/03/16 05:31:09 [extproc2-body] response headers
2026/03/16 05:31:09 [extproc2-body] Got stream
2026/03/16 05:31:09 [extproc2-body] response headers
2026/03/16 05:31:09 [extproc2-body] Got stream
2026/03/16 05:31:09 [extproc2-body] response body chunk len=51200 eos=false
2026/03/16 05:31:09 [extproc2-body] response headers
2026/03/16 05:31:09 [extproc2-body] Got stream
2026/03/16 05:31:09 [extproc2-body] response headers
2026/03/16 05:31:09 [extproc2-body] Got stream
2026/03/16 05:31:09 [extproc2-body] response headers
2026/03/16 05:31:09 [extproc2-body] Got stream
2026/03/16 05:31:09 [extproc2-body] response headers
2026/03/16 05:31:09 [extproc2-body] response body chunk len=51200 eos=false
2026/03/16 05:31:09 [extproc2-body] response body chunk len=51200 eos=false
2026/03/16 05:31:09 [extproc2-body] response body chunk len=51200 eos=false
2026/03/16 05:31:09 [extproc2-body] response body chunk len=51200 eos=false
2026/03/16 05:31:09 [extproc2-body] response body chunk len=51200 eos=false
2026/03/16 05:31:09 [extproc2-body] response body chunk len=51200 eos=false
2026/03/16 05:31:09 [extproc2-body] response body chunk len=51200 eos=false
2026/03/16 05:31:09 [extproc2-body] response body chunk len=51200 eos=false
2026/03/16 05:31:09 [extproc2-body] response body chunk len=51200 eos=false
2026/03/16 05:31:09 [extproc2-body] response body chunk len=51200 eos=false
2026/03/16 05:31:09 [extproc2-body] response body chunk len=51200 eos=false
2026/03/16 05:31:09 [extproc2-body] response body chunk len=51200 eos=false
2026/03/16 05:31:09 [extproc2-body] response body chunk len=51200 eos=false
2026/03/16 05:31:09 [extproc2-body] response body chunk len=51200 eos=false
2026/03/16 05:31:09 [extproc2-body] response body chunk len=51200 eos=false
2026/03/16 05:31:09 [extproc2-body] response body chunk len=51200 eos=false
2026/03/16 05:31:09 [extproc2-body] response body chunk len=51200 eos=false
2026/03/16 05:31:09 [extproc2-body] response body chunk len=51200 eos=false
2026/03/16 05:31:09 [extproc2-body] response body chunk len=3966 eos=false
2026/03/16 05:31:09 [extproc2-body] response body chunk len=51200 eos=false
2026/03/16 05:31:09 [extproc2-body] response body chunk len=51200 eos=false
2026/03/16 05:31:09 [extproc2-body] response body chunk len=51200 eos=false
2026/03/16 05:31:09 [extproc2-body] response body chunk len=0 eos=true
2026/03/16 05:31:09 [extproc2-body] send error rpc error: code = Canceled desc = context canceled
2026/03/16 05:31:09 [extproc2-body] response body chunk len=18446 eos=false
2026/03/16 05:31:09 [extproc2-body] response body chunk len=51200 eos=false
2026/03/16 05:31:09 [extproc2-body] response body chunk len=0 eos=true
2026/03/16 05:31:09 [extproc2-body] send error rpc error: code = Canceled desc = context canceled
2026/03/16 05:31:09 [extproc2-body] response body chunk len=0 eos=true
2026/03/16 05:31:09 [extproc2-body] send error rpc error: code = Canceled desc = context canceled
2026/03/16 05:31:09 [extproc2-body] response body chunk len=0 eos=true
2026/03/16 05:31:09 [extproc2-body] send error rpc error: code = Canceled desc = context canceled
2026/03/16 05:31:09 [extproc2-body] response body chunk len=0 eos=true
2026/03/16 05:31:09 [extproc2-body] send error rpc error: code = Canceled desc = context canceled
2026/03/16 05:31:09 [extproc2-body] response body chunk len=0 eos=true
2026/03/16 05:31:09 [extproc2-body] send error rpc error: code = Canceled desc = context canceled
2026/03/16 05:31:09 [extproc2-body] response body chunk len=0 eos=true
2026/03/16 05:31:09 [extproc2-body] send error rpc error: code = Canceled desc = context canceled
2026/03/16 05:31:09 [extproc2-body] response body chunk len=0 eos=true
2026/03/16 05:31:09 [extproc2-body] send error rpc error: code = Canceled desc = context canceled
2026/03/16 05:31:09 [extproc2-body] response body chunk len=0 eos=true
2026/03/16 05:31:09 [extproc2-body] send error rpc error: code = Canceled desc = context canceled
2026/03/16 05:31:09 [extproc2-body] response body chunk len=0 eos=true
2026/03/16 05:31:09 [extproc2-body] send error rpc error: code = Canceled desc = context canceled
2026/03/16 05:31:09 [extproc2-body] response body chunk len=0 eos=true
2026/03/16 05:31:09 [extproc2-body] response body chunk len=0 eos=true
2026/03/16 05:31:09 [extproc2-body] send error rpc error: code = Canceled desc = context canceled
2026/03/16 05:31:09 [extproc2-body] send error rpc error: code = Canceled desc = context canceled
2026/03/16 05:31:09 [extproc2-body] response body chunk len=0 eos=true
2026/03/16 05:31:09 [extproc2-body] send error rpc error: code = Canceled desc = context canceled
2026/03/16 05:31:09 [extproc2-body] response body chunk len=0 eos=true
2026/03/16 05:31:09 [extproc2-body] response body chunk len=0 eos=true
2026/03/16 05:31:09 [extproc2-body] send error rpc error: code = Canceled desc = context canceled
2026/03/16 05:31:09 [extproc2-body] send error rpc error: code = Canceled desc = context canceled
2026/03/16 05:31:09 [extproc2-body] response body chunk len=0 eos=true
2026/03/16 05:31:09 [extproc2-body] send error rpc error: code = Canceled desc = context canceled
2026/03/16 05:31:09 [extproc2-body] response body chunk len=0 eos=true
2026/03/16 05:31:09 [extproc2-body] send error rpc error: code = Canceled desc = context canceled
2026/03/16 05:31:09 [extproc2-body] response body chunk len=0 eos=true
2026/03/16 05:31:09 [extproc2-body] send error rpc error: code = Canceled desc = context canceled
2026/03/16 05:31:09 [extproc2-body] response body chunk len=0 eos=true
2026/03/16 05:31:09 [extproc2-body] send error rpc error: code = Canceled desc = context canceled
2026/03/16 05:31:09 [extproc2-body] response body chunk len=47234 eos=false
2026/03/16 05:31:09 [extproc2-body] send error rpc error: code = Canceled desc = context canceled
2026/03/16 05:31:09 [extproc2-body] response body chunk len=0 eos=true
2026/03/16 05:31:09 [extproc2-body] send error rpc error: code = Canceled desc = context canceled
2026/03/16 05:31:09 [extproc2-body] response body chunk len=0 eos=true
2026/03/16 05:31:09 [extproc2-body] response body chunk len=0 eos=true
2026/03/16 05:31:09 [extproc2-body] send error rpc error: code = Canceled desc = context canceled
2026/03/16 05:31:09 [extproc2-body] send error rpc error: code = Canceled desc = context canceled
2026/03/16 05:31:09 [extproc2-body] response body chunk len=32754 eos=false
2026/03/16 05:31:09 [extproc2-body] send error rpc error: code = Canceled desc = context canceled
2026/03/16 05:31:09 [extproc2-body] response body chunk len=0 eos=true
2026/03/16 05:31:09 [extproc2-body] send error rpc error: code = Canceled desc = context canceled
