2026/03/16 04:31:01 Got stream
2026/03/16 04:31:01 return response headers
2026/03/16 04:31:01 return response body chunk len=51200 eos=false
2026/03/16 04:31:01 return response body chunk len=3966 eos=false
2026/03/16 04:31:01 return response body chunk len=51200 eos=false
2026/03/16 04:31:01 Got stream
2026/03/16 04:31:01 return response headers
2026/03/16 04:31:01 Got stream
2026/03/16 04:31:01 return response headers
2026/03/16 04:31:01 return response body chunk len=3966 eos=false
2026/03/16 04:31:01 return response body chunk len=3966 eos=false
2026/03/16 04:31:01 Got stream
2026/03/16 04:31:01 return response headers
2026/03/16 04:31:01 Got stream
2026/03/16 04:31:01 return response headers
2026/03/16 04:31:01 return response body chunk len=51200 eos=false
2026/03/16 04:31:01 return response body chunk len=51200 eos=false
2026/03/16 04:31:01 Got stream
2026/03/16 04:31:01 return response headers
2026/03/16 04:31:01 return response body chunk len=51200 eos=false
2026/03/16 04:31:01 return response body chunk len=51200 eos=false
2026/03/16 04:31:01 Got stream
2026/03/16 04:31:01 return response headers
2026/03/16 04:31:01 Got stream
2026/03/16 04:31:01 return response headers
2026/03/16 04:31:01 Got stream
2026/03/16 04:31:01 Got stream
2026/03/16 04:31:01 return response headers
2026/03/16 04:31:01 return response headers
2026/03/16 04:31:01 Got stream
2026/03/16 04:31:01 return response headers
2026/03/16 04:31:01 Got stream
2026/03/16 04:31:01 return response headers
2026/03/16 04:31:01 Got stream
2026/03/16 04:31:01 return response headers
2026/03/16 04:31:01 Got stream
2026/03/16 04:31:01 return response headers
2026/03/16 04:31:01 Got stream
2026/03/16 04:31:01 return response headers
2026/03/16 04:31:01 Got stream
2026/03/16 04:31:01 return response headers
2026/03/16 04:31:01 Got stream
2026/03/16 04:31:01 return response headers
2026/03/16 04:31:01 Got stream
2026/03/16 04:31:01 return response headers
2026/03/16 04:31:01 Got stream
2026/03/16 04:31:01 return response headers
2026/03/16 04:31:01 Got stream
2026/03/16 04:31:01 return response headers
2026/03/16 04:31:01 Got stream
2026/03/16 04:31:01 return response headers
2026/03/16 04:31:01 Got stream
2026/03/16 04:31:01 return response headers
2026/03/16 04:31:01 Got stream
2026/03/16 04:31:01 return response headers
2026/03/16 04:31:01 Got stream
2026/03/16 04:31:01 Got stream
2026/03/16 04:31:01 return response headers
2026/03/16 04:31:01 return response headers
2026/03/16 04:31:02 return response body chunk len=0 eos=true
2026/03/16 04:31:02 send error rpc error: code = Canceled desc = context canceled
2026/03/16 04:31:02 return response body chunk len=47234 eos=false
2026/03/16 04:31:02 send error rpc error: code = Canceled desc = context canceled
2026/03/16 04:31:02 return response body chunk len=47234 eos=false
2026/03/16 04:31:02 send error rpc error: code = Canceled desc = context canceled
2026/03/16 04:31:02 return response body chunk len=0 eos=true
2026/03/16 04:31:02 send error rpc error: code = Canceled desc = context canceled
2026/03/16 04:31:02 return response body chunk len=0 eos=true
2026/03/16 04:31:02 send error rpc error: code = Canceled desc = context canceled
2026/03/16 04:31:02 return response body chunk len=47406 eos=false
2026/03/16 04:31:02 return response body chunk len=51200 eos=false
2026/03/16 04:31:02 return response body chunk len=3966 eos=false
2026/03/16 04:31:02 return response body chunk len=51200 eos=false
2026/03/16 04:31:02 return response body chunk len=51200 eos=false
2026/03/16 04:31:02 Got stream
2026/03/16 04:31:02 return response headers
2026/03/16 04:31:02 Got stream
2026/03/16 04:31:02 return response headers
2026/03/16 04:31:02 Got stream
2026/03/16 04:31:02 return response headers
2026/03/16 04:31:02 Got stream
2026/03/16 04:31:02 return response headers
2026/03/16 04:31:02 Got stream
2026/03/16 04:31:02 return response headers
2026/03/16 04:31:02 return response body chunk len=0 eos=true
2026/03/16 04:31:02 send error rpc error: code = Canceled desc = context canceled
2026/03/16 04:31:02 return response body chunk len=0 eos=true
2026/03/16 04:31:02 send error rpc error: code = Canceled desc = context canceled
2026/03/16 04:31:02 return response body chunk len=43440 eos=false
2026/03/16 04:31:02 send error rpc error: code = Canceled desc = context canceled
2026/03/16 04:31:02 return response body chunk len=0 eos=true
2026/03/16 04:31:02 send error rpc error: code = Canceled desc = context canceled
2026/03/16 04:31:02 Got stream
2026/03/16 04:31:02 return response headers
2026/03/16 04:31:02 Got stream
2026/03/16 04:31:02 return response headers
2026/03/16 04:31:02 Got stream
2026/03/16 04:31:02 return response headers
2026/03/16 04:31:02 Got stream
2026/03/16 04:31:02 return response headers
2026/03/16 04:31:02 return response body chunk len=47234 eos=false
2026/03/16 04:31:02 send error rpc error: code = Canceled desc = context canceled
2026/03/16 04:31:02 return response body chunk len=47234 eos=false
2026/03/16 04:31:02 send error rpc error: code = Canceled desc = context canceled
2026/03/16 04:31:02 Got stream
2026/03/16 04:31:02 return response headers
2026/03/16 04:31:02 return response body chunk len=0 eos=true
2026/03/16 04:31:02 send error rpc error: code = Canceled desc = context canceled
2026/03/16 04:31:02 return response body chunk len=0 eos=true
2026/03/16 04:31:02 send error rpc error: code = Canceled desc = context canceled
2026/03/16 04:31:02 return response body chunk len=47234 eos=false
2026/03/16 04:31:02 send error rpc error: code = Canceled desc = context canceled
2026/03/16 04:31:02 return response body chunk len=51200 eos=false
2026/03/16 04:31:02 Got stream
2026/03/16 04:31:02 return response headers
2026/03/16 04:31:02 return response body chunk len=47234 eos=false
2026/03/16 04:31:02 send error rpc error: code = Canceled desc = context canceled
2026/03/16 04:31:02 return response body chunk len=47234 eos=false
2026/03/16 04:31:02 send error rpc error: code = Canceled desc = context canceled
2026/03/16 04:31:02 return response body chunk len=0 eos=true
2026/03/16 04:31:02 send error rpc error: code = Canceled desc = context canceled
2026/03/16 04:31:02 return response body chunk len=0 eos=true
2026/03/16 04:31:02 send error rpc error: code = Canceled desc = context canceled
2026/03/16 04:31:02 return response body chunk len=0 eos=true
2026/03/16 04:31:02 send error rpc error: code = Canceled desc = context canceled
2026/03/16 04:31:02 return response body chunk len=0 eos=true
2026/03/16 04:31:02 send error rpc error: code = Canceled desc = context canceled
2026/03/16 04:31:02 return response body chunk len=51200 eos=false
2026/03/16 04:31:02 return response body chunk len=51200 eos=false
2026/03/16 04:31:02 Got stream
2026/03/16 04:31:02 return response headers
2026/03/16 04:31:02 Got stream
2026/03/16 04:31:02 return response headers
2026/03/16 04:31:02 return response body chunk len=3966 eos=false
2026/03/16 04:31:02 Got stream
2026/03/16 04:31:02 return response headers
2026/03/16 04:31:02 Got stream
2026/03/16 04:31:02 return response headers
2026/03/16 04:31:02 return response body chunk len=51200 eos=false
2026/03/16 04:31:02 return response body chunk len=51200 eos=false
2026/03/16 04:31:02 Got stream
2026/03/16 04:31:02 return response headers
2026/03/16 04:31:02 return response body chunk len=51200 eos=false
2026/03/16 04:31:02 Got stream
2026/03/16 04:31:02 return response headers
2026/03/16 04:31:02 Got stream
2026/03/16 04:31:02 return response headers
2026/03/16 04:31:02 return response body chunk len=47406 eos=false
2026/03/16 04:31:02 Got stream
2026/03/16 04:31:02 return response headers
2026/03/16 04:31:02 return response body chunk len=3966 eos=false
2026/03/16 04:31:02 Got stream
2026/03/16 04:31:02 return response headers
2026/03/16 04:31:02 Got stream
2026/03/16 04:31:02 return response headers
2026/03/16 04:31:02 Got stream
2026/03/16 04:31:02 return response headers
2026/03/16 04:31:02 return response body chunk len=51200 eos=false
2026/03/16 04:31:02 Got stream
2026/03/16 04:31:02 return response headers
2026/03/16 04:31:02 return response body chunk len=51200 eos=false
2026/03/16 04:31:02 return response body chunk len=51200 eos=false
2026/03/16 04:31:02 return response body chunk len=3966 eos=false
2026/03/16 04:31:02 return response body chunk len=51200 eos=false
2026/03/16 04:31:02 Got stream
2026/03/16 04:31:02 return response headers
2026/03/16 04:31:02 return response body chunk len=51200 eos=false
2026/03/16 04:31:02 Got stream
2026/03/16 04:31:02 return response headers
2026/03/16 04:31:02 Got stream
2026/03/16 04:31:02 return response headers
2026/03/16 04:31:02 Got stream
2026/03/16 04:31:02 return response headers
2026/03/16 04:31:02 Got stream
2026/03/16 04:31:02 return response headers
2026/03/16 04:31:02 Got stream
2026/03/16 04:31:02 return response headers
2026/03/16 04:31:02 Got stream
2026/03/16 04:31:02 Got stream
2026/03/16 04:31:02 return response headers
2026/03/16 04:31:02 return response headers
2026/03/16 04:31:02 Got stream
2026/03/16 04:31:02 return response headers
2026/03/16 04:31:02 Got stream
2026/03/16 04:31:02 return response headers
2026/03/16 04:31:02 Got stream
2026/03/16 04:31:02 return response headers
2026/03/16 04:31:02 Got stream
2026/03/16 04:31:02 return response headers
2026/03/16 04:31:02 Got stream
2026/03/16 04:31:02 return response headers
2026/03/16 04:31:02 Got stream
2026/03/16 04:31:02 return response headers
2026/03/16 04:31:02 Got stream
2026/03/16 04:31:02 Got stream
2026/03/16 04:31:02 return response headers
2026/03/16 04:31:02 return response headers
2026/03/16 04:31:02 Got stream
2026/03/16 04:31:02 return response headers
2026/03/16 04:31:02 Got stream
2026/03/16 04:31:02 return response headers
2026/03/16 04:31:03 return response body chunk len=3794 eos=false
2026/03/16 04:31:03 send error rpc error: code = Canceled desc = context canceled
2026/03/16 04:31:03 return response body chunk len=47234 eos=false
2026/03/16 04:31:03 return response body chunk len=0 eos=true
2026/03/16 04:31:03 send error rpc error: code = Canceled desc = context canceled
2026/03/16 04:31:03 send error rpc error: code = Canceled desc = context canceled
2026/03/16 04:31:03 return response body chunk len=0 eos=true
2026/03/16 04:31:03 send error rpc error: code = Canceled desc = context canceled
2026/03/16 04:31:03 return response body chunk len=0 eos=true
2026/03/16 04:31:03 send error rpc error: code = Canceled desc = context canceled
2026/03/16 04:31:03 return response body chunk len=47406 eos=false
2026/03/16 04:31:03 return response body chunk len=47406 eos=false
2026/03/16 04:31:03 return response body chunk len=3966 eos=false
2026/03/16 04:31:03 return response body chunk len=51200 eos=false
2026/03/16 04:31:03 Got stream
2026/03/16 04:31:03 return response headers
2026/03/16 04:31:03 Got stream
2026/03/16 04:31:03 return response headers
2026/03/16 04:31:03 Got stream
2026/03/16 04:31:03 return response headers
2026/03/16 04:31:03 Got stream
2026/03/16 04:31:03 return response headers
2026/03/16 04:31:03 return response body chunk len=51200 eos=false
2026/03/16 04:31:03 return response body chunk len=0 eos=true
2026/03/16 04:31:03 Got stream
2026/03/16 04:31:03 send error rpc error: code = Canceled desc = context canceled
2026/03/16 04:31:03 return response headers
2026/03/16 04:31:03 return response body chunk len=0 eos=true
2026/03/16 04:31:03 send error rpc error: code = Canceled desc = context canceled
2026/03/16 04:31:03 return response body chunk len=0 eos=true
2026/03/16 04:31:03 send error rpc error: code = Canceled desc = context canceled
2026/03/16 04:31:03 return response body chunk len=47234 eos=false
2026/03/16 04:31:03 send error rpc error: code = Canceled desc = context canceled
2026/03/16 04:31:03 return response body chunk len=51200 eos=false
2026/03/16 04:31:03 Got stream
2026/03/16 04:31:03 return response headers
2026/03/16 04:31:03 return response body chunk len=0 eos=true
2026/03/16 04:31:03 send error rpc error: code = Canceled desc = context canceled
2026/03/16 04:31:03 return response body chunk len=0 eos=true
2026/03/16 04:31:03 send error rpc error: code = Canceled desc = context canceled
2026/03/16 04:31:03 return response body chunk len=0 eos=true
2026/03/16 04:31:03 send error rpc error: code = Canceled desc = context canceled
2026/03/16 04:31:03 return response body chunk len=3794 eos=false
2026/03/16 04:31:03 send error rpc error: code = Canceled desc = context canceled
2026/03/16 04:31:03 return response body chunk len=47406 eos=false
2026/03/16 04:31:03 return response body chunk len=47234 eos=false
2026/03/16 04:31:03 send error rpc error: code = Canceled desc = context canceled
2026/03/16 04:31:03 Got stream
2026/03/16 04:31:03 return response headers
2026/03/16 04:31:03 return response body chunk len=0 eos=true
2026/03/16 04:31:03 send error rpc error: code = Canceled desc = context canceled
2026/03/16 04:31:03 return response body chunk len=0 eos=true
2026/03/16 04:31:03 send error rpc error: code = Canceled desc = context canceled
2026/03/16 04:31:03 return response body chunk len=51200 eos=false
2026/03/16 04:31:03 return response body chunk len=51200 eos=false
2026/03/16 04:31:03 return response body chunk len=47234 eos=false
2026/03/16 04:31:03 send error rpc error: code = Canceled desc = context canceled
2026/03/16 04:31:03 return response body chunk len=0 eos=true
2026/03/16 04:31:03 send error rpc error: code = Canceled desc = context canceled
2026/03/16 04:31:03 return response body chunk len=0 eos=true
2026/03/16 04:31:03 send error rpc error: code = Canceled desc = context canceled
2026/03/16 04:31:03 return response body chunk len=0 eos=true
2026/03/16 04:31:03 send error rpc error: code = Canceled desc = context canceled
2026/03/16 04:31:03 Got stream
2026/03/16 04:31:03 Got stream
2026/03/16 04:31:03 return response headers
2026/03/16 04:31:03 return response headers
2026/03/16 04:31:03 return response body chunk len=47406 eos=false
2026/03/16 04:31:03 return response body chunk len=51200 eos=false
2026/03/16 04:31:03 return response body chunk len=51200 eos=false
2026/03/16 04:31:03 return response body chunk len=47406 eos=false
2026/03/16 04:31:03 send error rpc error: code = Canceled desc = context canceled
2026/03/16 04:31:03 Got stream
2026/03/16 04:31:03 return response headers
2026/03/16 04:31:03 Got stream
2026/03/16 04:31:03 return response headers
2026/03/16 04:31:03 Got stream
2026/03/16 04:31:03 return response headers
2026/03/16 04:31:03 return response body chunk len=3966 eos=false
2026/03/16 04:31:03 return response body chunk len=3966 eos=false
2026/03/16 04:31:03 Got stream
2026/03/16 04:31:03 return response headers
2026/03/16 04:31:03 Got stream
2026/03/16 04:31:03 return response headers
2026/03/16 04:31:03 return response body chunk len=51200 eos=false
2026/03/16 04:31:03 Got stream
2026/03/16 04:31:03 return response headers
2026/03/16 04:31:03 return response body chunk len=3966 eos=false
2026/03/16 04:31:03 Got stream
2026/03/16 04:31:03 return response headers
2026/03/16 04:31:03 return response body chunk len=3966 eos=false
2026/03/16 04:31:03 Got stream
2026/03/16 04:31:03 return response headers
2026/03/16 04:31:03 return response body chunk len=51200 eos=false
2026/03/16 04:31:03 return response body chunk len=51200 eos=false
2026/03/16 04:31:03 Got stream
2026/03/16 04:31:03 return response headers
2026/03/16 04:31:03 Got stream
2026/03/16 04:31:03 return response headers
