{"level":"debug","ts":"2026-03-16T03:54:14Z","caller":"handlers/server.go:391","msg":"EPP sent request body response(s) to proxy","x-request-id":"7d056568-90ff-9e2c-b221-9a3fdaf5e69f","modelName":"food-review-1","targetModelName":"food-review-1"}
{"level":"debug","ts":"2026-03-16T03:54:14Z","caller":"handlers/server.go:419","msg":"EPP sent response body back to proxy","x-request-id":"7d056568-90ff-9e2c-b221-9a3fdaf5e69f"}
{"level":"debug","ts":"2026-03-16T03:54:14Z","caller":"handlers/server.go:225","msg":"EPP received request","x-request-id":"f0e66adb-6cc0-9386-8bfc-3802b6703c1b"}
{"level":"debug","ts":"2026-03-16T03:54:14Z","caller":"handlers/server.go:391","msg":"EPP sent request body response(s) to proxy","x-request-id":"f0e66adb-6cc0-9386-8bfc-3802b6703c1b","modelName":"food-review-1","targetModelName":"food-review-1"}
{"level":"debug","ts":"2026-03-16T03:54:14Z","caller":"handlers/server.go:419","msg":"EPP sent response body back to proxy","x-request-id":"f0e66adb-6cc0-9386-8bfc-3802b6703c1b"}
{"level":"debug","ts":"2026-03-16T03:54:14Z","caller":"handlers/server.go:225","msg":"EPP received request","x-request-id":"3cbfcda2-b835-92ca-9e00-22bab6e1fea2"}
{"level":"debug","ts":"2026-03-16T03:54:14Z","caller":"handlers/server.go:391","msg":"EPP sent request body response(s) to proxy","x-request-id":"3cbfcda2-b835-92ca-9e00-22bab6e1fea2","modelName":"food-review-1","targetModelName":"food-review-1"}
{"level":"debug","ts":"2026-03-16T03:54:14Z","caller":"handlers/server.go:419","msg":"EPP sent response body back to proxy","x-request-id":"3cbfcda2-b835-92ca-9e00-22bab6e1fea2"}
{"level":"debug","ts":"2026-03-16T03:54:14Z","caller":"handlers/server.go:225","msg":"EPP received request","x-request-id":"6743ae64-83f2-99fb-9b62-f738276af473"}
{"level":"debug","ts":"2026-03-16T03:54:14Z","caller":"handlers/server.go:391","msg":"EPP sent request body response(s) to proxy","x-request-id":"6743ae64-83f2-99fb-9b62-f738276af473","modelName":"food-review-1","targetModelName":"food-review-1"}
{"level":"debug","ts":"2026-03-16T03:54:14Z","caller":"handlers/server.go:419","msg":"EPP sent response body back to proxy","x-request-id":"6743ae64-83f2-99fb-9b62-f738276af473"}
{"level":"debug","ts":"2026-03-16T03:54:15Z","caller":"handlers/server.go:225","msg":"EPP received request","x-request-id":"555e550e-14bc-9b6b-82e1-6f7479364459"}
{"level":"debug","ts":"2026-03-16T03:54:15Z","caller":"handlers/server.go:391","msg":"EPP sent request body response(s) to proxy","x-request-id":"555e550e-14bc-9b6b-82e1-6f7479364459","modelName":"food-review-1","targetModelName":"food-review-1"}
{"level":"debug","ts":"2026-03-16T03:54:15Z","caller":"handlers/server.go:419","msg":"EPP sent response body back to proxy","x-request-id":"555e550e-14bc-9b6b-82e1-6f7479364459"}
{"level":"debug","ts":"2026-03-16T03:54:15Z","caller":"handlers/server.go:225","msg":"EPP received request","x-request-id":"8152d78b-7c8e-94cf-b0b4-7dff0e15fc21"}
{"level":"debug","ts":"2026-03-16T03:54:15Z","caller":"handlers/server.go:391","msg":"EPP sent request body response(s) to proxy","x-request-id":"8152d78b-7c8e-94cf-b0b4-7dff0e15fc21","modelName":"food-review-1","targetModelName":"food-review-1"}
{"level":"debug","ts":"2026-03-16T03:54:15Z","caller":"handlers/server.go:419","msg":"EPP sent response body back to proxy","x-request-id":"8152d78b-7c8e-94cf-b0b4-7dff0e15fc21"}
{"level":"debug","ts":"2026-03-16T03:54:15Z","caller":"handlers/server.go:225","msg":"EPP received request","x-request-id":"9335f697-a6c9-97c9-aa5e-2461d0106dec"}
{"level":"debug","ts":"2026-03-16T03:54:15Z","caller":"handlers/server.go:391","msg":"EPP sent request body response(s) to proxy","x-request-id":"9335f697-a6c9-97c9-aa5e-2461d0106dec","modelName":"food-review-1","targetModelName":"food-review-1"}
{"level":"debug","ts":"2026-03-16T03:54:15Z","caller":"handlers/server.go:419","msg":"EPP sent response body back to proxy","x-request-id":"9335f697-a6c9-97c9-aa5e-2461d0106dec"}
{"level":"debug","ts":"2026-03-16T03:54:15Z","caller":"handlers/server.go:225","msg":"EPP received request","x-request-id":"26e25627-3e1c-9b2e-adf9-16a0ea2ce059"}
{"level":"debug","ts":"2026-03-16T03:54:15Z","caller":"handlers/server.go:391","msg":"EPP sent request body response(s) to proxy","x-request-id":"26e25627-3e1c-9b2e-adf9-16a0ea2ce059","modelName":"food-review-1","targetModelName":"food-review-1"}
{"level":"debug","ts":"2026-03-16T03:54:15Z","caller":"handlers/server.go:419","msg":"EPP sent response body back to proxy","x-request-id":"26e25627-3e1c-9b2e-adf9-16a0ea2ce059"}
{"level":"debug","ts":"2026-03-16T03:54:15Z","caller":"handlers/server.go:225","msg":"EPP received request","x-request-id":"f77db638-fbf8-9f89-a31d-7f407ea43227"}
{"level":"debug","ts":"2026-03-16T03:54:15Z","caller":"handlers/server.go:391","msg":"EPP sent request body response(s) to proxy","x-request-id":"f77db638-fbf8-9f89-a31d-7f407ea43227","modelName":"food-review-1","targetModelName":"food-review-1"}
{"level":"debug","ts":"2026-03-16T03:54:15Z","caller":"handlers/server.go:419","msg":"EPP sent response body back to proxy","x-request-id":"f77db638-fbf8-9f89-a31d-7f407ea43227"}
{"level":"debug","ts":"2026-03-16T03:54:15Z","caller":"handlers/server.go:225","msg":"EPP received request","x-request-id":"5b2f9315-57aa-92e2-b96b-283d1abd237c"}
{"level":"debug","ts":"2026-03-16T03:54:15Z","caller":"handlers/server.go:391","msg":"EPP sent request body response(s) to proxy","x-request-id":"5b2f9315-57aa-92e2-b96b-283d1abd237c","modelName":"food-review-1","targetModelName":"food-review-1"}
{"level":"debug","ts":"2026-03-16T03:54:15Z","caller":"handlers/server.go:419","msg":"EPP sent response body back to proxy","x-request-id":"5b2f9315-57aa-92e2-b96b-283d1abd237c"}
{"level":"debug","ts":"2026-03-16T03:54:15Z","caller":"handlers/server.go:225","msg":"EPP received request","x-request-id":"2c380fb9-2682-954c-adeb-89c6c6ceb6c5"}
{"level":"debug","ts":"2026-03-16T03:54:15Z","caller":"handlers/server.go:391","msg":"EPP sent request body response(s) to proxy","x-request-id":"2c380fb9-2682-954c-adeb-89c6c6ceb6c5","modelName":"food-review-1","targetModelName":"food-review-1"}
{"level":"debug","ts":"2026-03-16T03:54:15Z","caller":"handlers/server.go:419","msg":"EPP sent response body back to proxy","x-request-id":"2c380fb9-2682-954c-adeb-89c6c6ceb6c5"}
{"level":"debug","ts":"2026-03-16T03:54:15Z","caller":"handlers/server.go:225","msg":"EPP received request","x-request-id":"d7310c91-f270-97c1-b5fe-c1fc51228e94"}
{"level":"debug","ts":"2026-03-16T03:54:15Z","caller":"handlers/server.go:391","msg":"EPP sent request body response(s) to proxy","x-request-id":"d7310c91-f270-97c1-b5fe-c1fc51228e94","modelName":"food-review-1","targetModelName":"food-review-1"}
{"level":"debug","ts":"2026-03-16T03:54:15Z","caller":"handlers/server.go:419","msg":"EPP sent response body back to proxy","x-request-id":"d7310c91-f270-97c1-b5fe-c1fc51228e94"}
{"level":"debug","ts":"2026-03-16T03:54:15Z","caller":"handlers/server.go:225","msg":"EPP received request","x-request-id":"6a16fe27-4a68-9377-b816-8bcb68d9b1f0"}
{"level":"debug","ts":"2026-03-16T03:54:15Z","caller":"handlers/server.go:391","msg":"EPP sent request body response(s) to proxy","x-request-id":"6a16fe27-4a68-9377-b816-8bcb68d9b1f0","modelName":"food-review-1","targetModelName":"food-review-1"}
{"level":"debug","ts":"2026-03-16T03:54:15Z","caller":"handlers/server.go:419","msg":"EPP sent response body back to proxy","x-request-id":"6a16fe27-4a68-9377-b816-8bcb68d9b1f0"}
{"level":"debug","ts":"2026-03-16T03:54:15Z","caller":"handlers/server.go:225","msg":"EPP received request","x-request-id":"29a70f6f-de20-91b0-992d-12a02b0be2e7"}
{"level":"debug","ts":"2026-03-16T03:54:15Z","caller":"handlers/server.go:391","msg":"EPP sent request body response(s) to proxy","x-request-id":"29a70f6f-de20-91b0-992d-12a02b0be2e7","modelName":"food-review-1","targetModelName":"food-review-1"}
{"level":"debug","ts":"2026-03-16T03:54:15Z","caller":"handlers/server.go:419","msg":"EPP sent response body back to proxy","x-request-id":"29a70f6f-de20-91b0-992d-12a02b0be2e7"}
{"level":"debug","ts":"2026-03-16T03:54:15Z","caller":"handlers/server.go:225","msg":"EPP received request","x-request-id":"fcc032ef-f6ee-9571-ae71-15284a0f728f"}
{"level":"debug","ts":"2026-03-16T03:54:15Z","caller":"handlers/server.go:391","msg":"EPP sent request body response(s) to proxy","x-request-id":"fcc032ef-f6ee-9571-ae71-15284a0f728f","modelName":"food-review-1","targetModelName":"food-review-1"}
{"level":"debug","ts":"2026-03-16T03:54:15Z","caller":"handlers/server.go:419","msg":"EPP sent response body back to proxy","x-request-id":"fcc032ef-f6ee-9571-ae71-15284a0f728f"}
{"level":"debug","ts":"2026-03-16T03:54:15Z","caller":"handlers/server.go:225","msg":"EPP received request","x-request-id":"45cd516d-27a9-9aa7-ac9c-855de1e73400"}
{"level":"debug","ts":"2026-03-16T03:54:15Z","caller":"handlers/server.go:391","msg":"EPP sent request body response(s) to proxy","x-request-id":"45cd516d-27a9-9aa7-ac9c-855de1e73400","modelName":"food-review-1","targetModelName":"food-review-1"}
{"level":"debug","ts":"2026-03-16T03:54:15Z","caller":"handlers/server.go:419","msg":"EPP sent response body back to proxy","x-request-id":"45cd516d-27a9-9aa7-ac9c-855de1e73400"}
{"level":"debug","ts":"2026-03-16T03:54:15Z","caller":"handlers/server.go:225","msg":"EPP received request","x-request-id":"43ad833c-3f2e-91ed-9edf-76a46453ee20"}
{"level":"debug","ts":"2026-03-16T03:54:15Z","caller":"handlers/server.go:391","msg":"EPP sent request body response(s) to proxy","x-request-id":"43ad833c-3f2e-91ed-9edf-76a46453ee20","modelName":"food-review-1","targetModelName":"food-review-1"}
{"level":"debug","ts":"2026-03-16T03:54:15Z","caller":"handlers/server.go:419","msg":"EPP sent response body back to proxy","x-request-id":"43ad833c-3f2e-91ed-9edf-76a46453ee20"}
{"level":"debug","ts":"2026-03-16T03:54:15Z","caller":"handlers/server.go:225","msg":"EPP received request","x-request-id":"84e676ba-533b-902d-b39e-507bb3918b5a"}
{"level":"debug","ts":"2026-03-16T03:54:15Z","caller":"handlers/server.go:391","msg":"EPP sent request body response(s) to proxy","x-request-id":"84e676ba-533b-902d-b39e-507bb3918b5a","modelName":"food-review-1","targetModelName":"food-review-1"}
{"level":"debug","ts":"2026-03-16T03:54:15Z","caller":"handlers/server.go:419","msg":"EPP sent response body back to proxy","x-request-id":"84e676ba-533b-902d-b39e-507bb3918b5a"}
{"level":"debug","ts":"2026-03-16T03:54:15Z","caller":"handlers/server.go:225","msg":"EPP received request","x-request-id":"21db7e1f-d676-9e4d-8f68-df5b3aa1f590"}
{"level":"debug","ts":"2026-03-16T03:54:15Z","caller":"handlers/server.go:391","msg":"EPP sent request body response(s) to proxy","x-request-id":"21db7e1f-d676-9e4d-8f68-df5b3aa1f590","modelName":"food-review-1","targetModelName":"food-review-1"}
{"level":"debug","ts":"2026-03-16T03:54:15Z","caller":"handlers/server.go:419","msg":"EPP sent response body back to proxy","x-request-id":"21db7e1f-d676-9e4d-8f68-df5b3aa1f590"}
{"level":"debug","ts":"2026-03-16T03:54:15Z","caller":"handlers/server.go:225","msg":"EPP received request","x-request-id":"fda098c8-df14-9e14-90c9-153ffcc256f6"}
{"level":"debug","ts":"2026-03-16T03:54:15Z","caller":"handlers/server.go:391","msg":"EPP sent request body response(s) to proxy","x-request-id":"fda098c8-df14-9e14-90c9-153ffcc256f6","modelName":"food-review-1","targetModelName":"food-review-1"}
{"level":"debug","ts":"2026-03-16T03:54:15Z","caller":"handlers/server.go:419","msg":"EPP sent response body back to proxy","x-request-id":"fda098c8-df14-9e14-90c9-153ffcc256f6"}
{"level":"debug","ts":"2026-03-16T03:54:15Z","caller":"handlers/server.go:225","msg":"EPP received request","x-request-id":"5ddd226d-f9bd-91cd-9464-62365008c7a9"}
{"level":"debug","ts":"2026-03-16T03:54:15Z","caller":"handlers/server.go:391","msg":"EPP sent request body response(s) to proxy","x-request-id":"5ddd226d-f9bd-91cd-9464-62365008c7a9","modelName":"food-review-1","targetModelName":"food-review-1"}
{"level":"debug","ts":"2026-03-16T03:54:15Z","caller":"handlers/server.go:419","msg":"EPP sent response body back to proxy","x-request-id":"5ddd226d-f9bd-91cd-9464-62365008c7a9"}
{"level":"debug","ts":"2026-03-16T03:54:15Z","caller":"handlers/server.go:225","msg":"EPP received request","x-request-id":"0f3add7b-cc5a-9fba-bf85-61764326894b"}
{"level":"debug","ts":"2026-03-16T03:54:15Z","caller":"handlers/server.go:391","msg":"EPP sent request body response(s) to proxy","x-request-id":"0f3add7b-cc5a-9fba-bf85-61764326894b","modelName":"food-review-1","targetModelName":"food-review-1"}
{"level":"debug","ts":"2026-03-16T03:54:15Z","caller":"handlers/server.go:419","msg":"EPP sent response body back to proxy","x-request-id":"0f3add7b-cc5a-9fba-bf85-61764326894b"}
{"level":"debug","ts":"2026-03-16T03:54:15Z","caller":"handlers/server.go:225","msg":"EPP received request","x-request-id":"27713626-4dfd-984c-ad95-43415f39a259"}
{"level":"debug","ts":"2026-03-16T03:54:15Z","caller":"handlers/server.go:391","msg":"EPP sent request body response(s) to proxy","x-request-id":"27713626-4dfd-984c-ad95-43415f39a259","modelName":"food-review-1","targetModelName":"food-review-1"}
{"level":"debug","ts":"2026-03-16T03:54:15Z","caller":"handlers/server.go:419","msg":"EPP sent response body back to proxy","x-request-id":"27713626-4dfd-984c-ad95-43415f39a259"}
{"level":"debug","ts":"2026-03-16T03:54:15Z","caller":"handlers/server.go:225","msg":"EPP received request","x-request-id":"624bc056-78de-961c-9e1b-3fa761571a7a"}
{"level":"debug","ts":"2026-03-16T03:54:15Z","caller":"handlers/server.go:391","msg":"EPP sent request body response(s) to proxy","x-request-id":"624bc056-78de-961c-9e1b-3fa761571a7a","modelName":"food-review-1","targetModelName":"food-review-1"}
{"level":"debug","ts":"2026-03-16T03:54:15Z","caller":"handlers/server.go:419","msg":"EPP sent response body back to proxy","x-request-id":"624bc056-78de-961c-9e1b-3fa761571a7a"}
{"level":"debug","ts":"2026-03-16T03:54:15Z","caller":"handlers/server.go:225","msg":"EPP received request","x-request-id":"93f79914-38c3-929d-a3fa-2181abb71cdd"}
{"level":"debug","ts":"2026-03-16T03:54:15Z","caller":"handlers/server.go:391","msg":"EPP sent request body response(s) to proxy","x-request-id":"93f79914-38c3-929d-a3fa-2181abb71cdd","modelName":"food-review-1","targetModelName":"food-review-1"}
{"level":"debug","ts":"2026-03-16T03:54:15Z","caller":"handlers/server.go:419","msg":"EPP sent response body back to proxy","x-request-id":"93f79914-38c3-929d-a3fa-2181abb71cdd"}
{"level":"debug","ts":"2026-03-16T03:54:15Z","caller":"handlers/server.go:225","msg":"EPP received request","x-request-id":"f266d1f3-bb2d-9df0-ac28-23ce6bc64d8c"}
{"level":"debug","ts":"2026-03-16T03:54:15Z","caller":"handlers/server.go:391","msg":"EPP sent request body response(s) to proxy","x-request-id":"f266d1f3-bb2d-9df0-ac28-23ce6bc64d8c","modelName":"food-review-1","targetModelName":"food-review-1"}
{"level":"debug","ts":"2026-03-16T03:54:15Z","caller":"handlers/server.go:419","msg":"EPP sent response body back to proxy","x-request-id":"f266d1f3-bb2d-9df0-ac28-23ce6bc64d8c"}
{"level":"debug","ts":"2026-03-16T03:54:16Z","caller":"handlers/server.go:225","msg":"EPP received request","x-request-id":"a7959169-a869-9941-917b-057ebcaa8124"}
{"level":"debug","ts":"2026-03-16T03:54:16Z","caller":"handlers/server.go:391","msg":"EPP sent request body response(s) to proxy","x-request-id":"a7959169-a869-9941-917b-057ebcaa8124","modelName":"food-review-1","targetModelName":"food-review-1"}
{"level":"debug","ts":"2026-03-16T03:54:16Z","caller":"handlers/server.go:419","msg":"EPP sent response body back to proxy","x-request-id":"a7959169-a869-9941-917b-057ebcaa8124"}
{"level":"debug","ts":"2026-03-16T03:54:16Z","caller":"handlers/server.go:225","msg":"EPP received request","x-request-id":"2a04fd40-65f8-92db-a9d6-5b3cbc299816"}
{"level":"debug","ts":"2026-03-16T03:54:16Z","caller":"handlers/server.go:391","msg":"EPP sent request body response(s) to proxy","x-request-id":"2a04fd40-65f8-92db-a9d6-5b3cbc299816","modelName":"food-review-1","targetModelName":"food-review-1"}
{"level":"debug","ts":"2026-03-16T03:54:16Z","caller":"handlers/server.go:419","msg":"EPP sent response body back to proxy","x-request-id":"2a04fd40-65f8-92db-a9d6-5b3cbc299816"}
{"level":"debug","ts":"2026-03-16T03:54:16Z","caller":"handlers/server.go:225","msg":"EPP received request","x-request-id":"fb76f0d4-85be-9826-9697-0be089974abe"}
{"level":"debug","ts":"2026-03-16T03:54:16Z","caller":"handlers/server.go:391","msg":"EPP sent request body response(s) to proxy","x-request-id":"fb76f0d4-85be-9826-9697-0be089974abe","modelName":"food-review-1","targetModelName":"food-review-1"}
{"level":"debug","ts":"2026-03-16T03:54:16Z","caller":"handlers/server.go:419","msg":"EPP sent response body back to proxy","x-request-id":"fb76f0d4-85be-9826-9697-0be089974abe"}
{"level":"debug","ts":"2026-03-16T03:54:16Z","caller":"handlers/server.go:225","msg":"EPP received request","x-request-id":"a6541141-dc85-9668-82de-fbde61b942bd"}
{"level":"debug","ts":"2026-03-16T03:54:16Z","caller":"handlers/server.go:391","msg":"EPP sent request body response(s) to proxy","x-request-id":"a6541141-dc85-9668-82de-fbde61b942bd","modelName":"food-review-1","targetModelName":"food-review-1"}
{"level":"debug","ts":"2026-03-16T03:54:16Z","caller":"handlers/server.go:419","msg":"EPP sent response body back to proxy","x-request-id":"a6541141-dc85-9668-82de-fbde61b942bd"}
{"level":"debug","ts":"2026-03-16T03:54:16Z","caller":"handlers/server.go:225","msg":"EPP received request","x-request-id":"8cc0b97d-e287-907a-aa50-ece41aa40287"}
{"level":"debug","ts":"2026-03-16T03:54:16Z","caller":"handlers/server.go:391","msg":"EPP sent request body response(s) to proxy","x-request-id":"8cc0b97d-e287-907a-aa50-ece41aa40287","modelName":"food-review-1","targetModelName":"food-review-1"}
{"level":"debug","ts":"2026-03-16T03:54:16Z","caller":"handlers/server.go:419","msg":"EPP sent response body back to proxy","x-request-id":"8cc0b97d-e287-907a-aa50-ece41aa40287"}
{"level":"debug","ts":"2026-03-16T03:54:16Z","caller":"handlers/server.go:225","msg":"EPP received request","x-request-id":"ed1cf76a-a024-97ad-a186-72f6ac17e383"}
{"level":"debug","ts":"2026-03-16T03:54:16Z","caller":"handlers/server.go:391","msg":"EPP sent request body response(s) to proxy","x-request-id":"ed1cf76a-a024-97ad-a186-72f6ac17e383","modelName":"food-review-1","targetModelName":"food-review-1"}
{"level":"debug","ts":"2026-03-16T03:54:16Z","caller":"handlers/server.go:419","msg":"EPP sent response body back to proxy","x-request-id":"ed1cf76a-a024-97ad-a186-72f6ac17e383"}
{"level":"debug","ts":"2026-03-16T03:54:16Z","caller":"handlers/server.go:225","msg":"EPP received request","x-request-id":"c4430e1f-a80e-9173-a5ec-ed77ffde1c90"}
{"level":"debug","ts":"2026-03-16T03:54:16Z","caller":"handlers/server.go:391","msg":"EPP sent request body response(s) to proxy","x-request-id":"c4430e1f-a80e-9173-a5ec-ed77ffde1c90","modelName":"food-review-1","targetModelName":"food-review-1"}
{"level":"debug","ts":"2026-03-16T03:54:16Z","caller":"handlers/server.go:419","msg":"EPP sent response body back to proxy","x-request-id":"c4430e1f-a80e-9173-a5ec-ed77ffde1c90"}
{"level":"debug","ts":"2026-03-16T03:54:16Z","caller":"handlers/server.go:225","msg":"EPP received request","x-request-id":"9afa6b91-23ea-97c2-9f25-55cdb443b692"}
{"level":"debug","ts":"2026-03-16T03:54:16Z","caller":"handlers/server.go:391","msg":"EPP sent request body response(s) to proxy","x-request-id":"9afa6b91-23ea-97c2-9f25-55cdb443b692","modelName":"food-review-1","targetModelName":"food-review-1"}
{"level":"debug","ts":"2026-03-16T03:54:16Z","caller":"handlers/server.go:419","msg":"EPP sent response body back to proxy","x-request-id":"9afa6b91-23ea-97c2-9f25-55cdb443b692"}
{"level":"debug","ts":"2026-03-16T03:54:16Z","caller":"handlers/server.go:225","msg":"EPP received request","x-request-id":"bead5ea9-e0cf-9b18-9c9c-05ddf48a3ac2"}
{"level":"debug","ts":"2026-03-16T03:54:16Z","caller":"handlers/server.go:391","msg":"EPP sent request body response(s) to proxy","x-request-id":"bead5ea9-e0cf-9b18-9c9c-05ddf48a3ac2","modelName":"food-review-1","targetModelName":"food-review-1"}
{"level":"debug","ts":"2026-03-16T03:54:16Z","caller":"handlers/server.go:419","msg":"EPP sent response body back to proxy","x-request-id":"bead5ea9-e0cf-9b18-9c9c-05ddf48a3ac2"}
{"level":"debug","ts":"2026-03-16T03:54:16Z","caller":"handlers/server.go:225","msg":"EPP received request","x-request-id":"517eecf9-dfe6-9e93-b494-c90657517605"}
{"level":"debug","ts":"2026-03-16T03:54:16Z","caller":"handlers/server.go:391","msg":"EPP sent request body response(s) to proxy","x-request-id":"517eecf9-dfe6-9e93-b494-c90657517605","modelName":"food-review-1","targetModelName":"food-review-1"}
{"level":"debug","ts":"2026-03-16T03:54:16Z","caller":"handlers/server.go:419","msg":"EPP sent response body back to proxy","x-request-id":"517eecf9-dfe6-9e93-b494-c90657517605"}
{"level":"debug","ts":"2026-03-16T03:54:16Z","caller":"handlers/server.go:225","msg":"EPP received request","x-request-id":"1d29ac03-26db-91ae-a7fd-fa288c2b87f1"}
{"level":"debug","ts":"2026-03-16T03:54:16Z","caller":"handlers/server.go:391","msg":"EPP sent request body response(s) to proxy","x-request-id":"1d29ac03-26db-91ae-a7fd-fa288c2b87f1","modelName":"food-review-1","targetModelName":"food-review-1"}
{"level":"debug","ts":"2026-03-16T03:54:16Z","caller":"handlers/server.go:419","msg":"EPP sent response body back to proxy","x-request-id":"1d29ac03-26db-91ae-a7fd-fa288c2b87f1"}
{"level":"debug","ts":"2026-03-16T03:54:16Z","caller":"handlers/server.go:225","msg":"EPP received request","x-request-id":"ae328cf1-58bb-9a6a-8249-282f179d171d"}
{"level":"debug","ts":"2026-03-16T03:54:16Z","caller":"handlers/server.go:391","msg":"EPP sent request body response(s) to proxy","x-request-id":"ae328cf1-58bb-9a6a-8249-282f179d171d","modelName":"food-review-1","targetModelName":"food-review-1"}
{"level":"debug","ts":"2026-03-16T03:54:16Z","caller":"handlers/server.go:419","msg":"EPP sent response body back to proxy","x-request-id":"ae328cf1-58bb-9a6a-8249-282f179d171d"}
{"level":"debug","ts":"2026-03-16T03:54:16Z","caller":"handlers/server.go:225","msg":"EPP received request","x-request-id":"ae89535f-2c3a-9206-8bf1-00c58d47ed93"}
{"level":"debug","ts":"2026-03-16T03:54:16Z","caller":"handlers/server.go:391","msg":"EPP sent request body response(s) to proxy","x-request-id":"ae89535f-2c3a-9206-8bf1-00c58d47ed93","modelName":"food-review-1","targetModelName":"food-review-1"}
{"level":"debug","ts":"2026-03-16T03:54:16Z","caller":"handlers/server.go:419","msg":"EPP sent response body back to proxy","x-request-id":"ae89535f-2c3a-9206-8bf1-00c58d47ed93"}
{"level":"debug","ts":"2026-03-16T03:54:16Z","caller":"handlers/server.go:225","msg":"EPP received request","x-request-id":"f88d9821-a91a-99ae-8e47-e9e49bc4febe"}
{"level":"debug","ts":"2026-03-16T03:54:16Z","caller":"handlers/server.go:391","msg":"EPP sent request body response(s) to proxy","x-request-id":"f88d9821-a91a-99ae-8e47-e9e49bc4febe","modelName":"food-review-1","targetModelName":"food-review-1"}
{"level":"debug","ts":"2026-03-16T03:54:16Z","caller":"handlers/server.go:419","msg":"EPP sent response body back to proxy","x-request-id":"f88d9821-a91a-99ae-8e47-e9e49bc4febe"}
{"level":"debug","ts":"2026-03-16T03:54:16Z","caller":"handlers/server.go:225","msg":"EPP received request","x-request-id":"d5d0fb24-843b-9345-80ec-4cb7aca7f166"}
{"level":"debug","ts":"2026-03-16T03:54:16Z","caller":"handlers/server.go:391","msg":"EPP sent request body response(s) to proxy","x-request-id":"d5d0fb24-843b-9345-80ec-4cb7aca7f166","modelName":"food-review-1","targetModelName":"food-review-1"}
{"level":"debug","ts":"2026-03-16T03:54:16Z","caller":"handlers/server.go:419","msg":"EPP sent response body back to proxy","x-request-id":"d5d0fb24-843b-9345-80ec-4cb7aca7f166"}
{"level":"debug","ts":"2026-03-16T03:54:16Z","caller":"handlers/server.go:225","msg":"EPP received request","x-request-id":"026f6116-56a1-9748-a5d7-afb311892573"}
{"level":"debug","ts":"2026-03-16T03:54:16Z","caller":"handlers/server.go:391","msg":"EPP sent request body response(s) to proxy","x-request-id":"026f6116-56a1-9748-a5d7-afb311892573","modelName":"food-review-1","targetModelName":"food-review-1"}
{"level":"debug","ts":"2026-03-16T03:54:16Z","caller":"handlers/server.go:419","msg":"EPP sent response body back to proxy","x-request-id":"026f6116-56a1-9748-a5d7-afb311892573"}
{"level":"debug","ts":"2026-03-16T03:54:16Z","caller":"handlers/server.go:225","msg":"EPP received request","x-request-id":"285c4c3a-eafa-900f-9d4b-fc8c9bf3c278"}
{"level":"debug","ts":"2026-03-16T03:54:16Z","caller":"handlers/server.go:391","msg":"EPP sent request body response(s) to proxy","x-request-id":"285c4c3a-eafa-900f-9d4b-fc8c9bf3c278","modelName":"food-review-1","targetModelName":"food-review-1"}
{"level":"debug","ts":"2026-03-16T03:54:16Z","caller":"handlers/server.go:419","msg":"EPP sent response body back to proxy","x-request-id":"285c4c3a-eafa-900f-9d4b-fc8c9bf3c278"}
{"level":"debug","ts":"2026-03-16T03:54:16Z","caller":"handlers/server.go:225","msg":"EPP received request","x-request-id":"5feedea2-9936-91b7-ae66-2512b2053dfe"}
{"level":"debug","ts":"2026-03-16T03:54:16Z","caller":"handlers/server.go:391","msg":"EPP sent request body response(s) to proxy","x-request-id":"5feedea2-9936-91b7-ae66-2512b2053dfe","modelName":"food-review-1","targetModelName":"food-review-1"}
{"level":"debug","ts":"2026-03-16T03:54:16Z","caller":"handlers/server.go:419","msg":"EPP sent response body back to proxy","x-request-id":"5feedea2-9936-91b7-ae66-2512b2053dfe"}
{"level":"debug","ts":"2026-03-16T03:54:16Z","caller":"handlers/server.go:225","msg":"EPP received request","x-request-id":"a8778edd-a62f-9b0d-a7b4-a31b75e58515"}
{"level":"debug","ts":"2026-03-16T03:54:16Z","caller":"handlers/server.go:391","msg":"EPP sent request body response(s) to proxy","x-request-id":"a8778edd-a62f-9b0d-a7b4-a31b75e58515","modelName":"food-review-1","targetModelName":"food-review-1"}
{"level":"debug","ts":"2026-03-16T03:54:16Z","caller":"handlers/server.go:419","msg":"EPP sent response body back to proxy","x-request-id":"a8778edd-a62f-9b0d-a7b4-a31b75e58515"}
{"level":"debug","ts":"2026-03-16T03:54:16Z","caller":"handlers/server.go:225","msg":"EPP received request","x-request-id":"990f8ae0-a9a6-9c10-be67-9ac13f9f2a6d"}
{"level":"debug","ts":"2026-03-16T03:54:16Z","caller":"handlers/server.go:391","msg":"EPP sent request body response(s) to proxy","x-request-id":"990f8ae0-a9a6-9c10-be67-9ac13f9f2a6d","modelName":"food-review-1","targetModelName":"food-review-1"}
{"level":"debug","ts":"2026-03-16T03:54:16Z","caller":"handlers/server.go:419","msg":"EPP sent response body back to proxy","x-request-id":"990f8ae0-a9a6-9c10-be67-9ac13f9f2a6d"}
{"level":"debug","ts":"2026-03-16T03:54:16Z","caller":"handlers/server.go:225","msg":"EPP received request","x-request-id":"87dffe75-a300-99b5-b982-ce6da61916fd"}
{"level":"debug","ts":"2026-03-16T03:54:16Z","caller":"handlers/server.go:391","msg":"EPP sent request body response(s) to proxy","x-request-id":"87dffe75-a300-99b5-b982-ce6da61916fd","modelName":"food-review-1","targetModelName":"food-review-1"}
{"level":"debug","ts":"2026-03-16T03:54:16Z","caller":"handlers/server.go:419","msg":"EPP sent response body back to proxy","x-request-id":"87dffe75-a300-99b5-b982-ce6da61916fd"}
{"level":"debug","ts":"2026-03-16T03:54:16Z","caller":"handlers/server.go:225","msg":"EPP received request","x-request-id":"5488da55-1917-94d6-9842-e25a20d971ca"}
{"level":"debug","ts":"2026-03-16T03:54:16Z","caller":"handlers/server.go:391","msg":"EPP sent request body response(s) to proxy","x-request-id":"5488da55-1917-94d6-9842-e25a20d971ca","modelName":"food-review-1","targetModelName":"food-review-1"}
{"level":"debug","ts":"2026-03-16T03:54:16Z","caller":"handlers/server.go:419","msg":"EPP sent response body back to proxy","x-request-id":"5488da55-1917-94d6-9842-e25a20d971ca"}
{"level":"debug","ts":"2026-03-16T03:54:16Z","caller":"handlers/server.go:225","msg":"EPP received request","x-request-id":"7a6d9d3a-2b3b-9a83-9983-6bd0a33bb859"}
{"level":"debug","ts":"2026-03-16T03:54:16Z","caller":"handlers/server.go:391","msg":"EPP sent request body response(s) to proxy","x-request-id":"7a6d9d3a-2b3b-9a83-9983-6bd0a33bb859","modelName":"food-review-1","targetModelName":"food-review-1"}
{"level":"debug","ts":"2026-03-16T03:54:16Z","caller":"handlers/server.go:419","msg":"EPP sent response body back to proxy","x-request-id":"7a6d9d3a-2b3b-9a83-9983-6bd0a33bb859"}
{"level":"debug","ts":"2026-03-16T03:54:16Z","caller":"handlers/server.go:225","msg":"EPP received request","x-request-id":"7e599c3e-493f-9ab2-b89d-f3fce931e3cb"}
{"level":"debug","ts":"2026-03-16T03:54:16Z","caller":"handlers/server.go:391","msg":"EPP sent request body response(s) to proxy","x-request-id":"7e599c3e-493f-9ab2-b89d-f3fce931e3cb","modelName":"food-review-1","targetModelName":"food-review-1"}
{"level":"debug","ts":"2026-03-16T03:54:16Z","caller":"handlers/server.go:419","msg":"EPP sent response body back to proxy","x-request-id":"7e599c3e-493f-9ab2-b89d-f3fce931e3cb"}
{"level":"debug","ts":"2026-03-16T03:54:17Z","caller":"handlers/server.go:225","msg":"EPP received request","x-request-id":"18563e9e-21b9-99e2-ac7d-64bfb58f7bd6"}
{"level":"debug","ts":"2026-03-16T03:54:17Z","caller":"handlers/server.go:391","msg":"EPP sent request body response(s) to proxy","x-request-id":"18563e9e-21b9-99e2-ac7d-64bfb58f7bd6","modelName":"food-review-1","targetModelName":"food-review-1"}
{"level":"debug","ts":"2026-03-16T03:54:17Z","caller":"handlers/server.go:419","msg":"EPP sent response body back to proxy","x-request-id":"18563e9e-21b9-99e2-ac7d-64bfb58f7bd6"}
{"level":"debug","ts":"2026-03-16T03:54:17Z","caller":"handlers/server.go:225","msg":"EPP received request","x-request-id":"10db4cfe-0943-9eb5-96a1-1d63f4ddd741"}
{"level":"debug","ts":"2026-03-16T03:54:17Z","caller":"handlers/server.go:391","msg":"EPP sent request body response(s) to proxy","x-request-id":"10db4cfe-0943-9eb5-96a1-1d63f4ddd741","modelName":"food-review-1","targetModelName":"food-review-1"}
{"level":"debug","ts":"2026-03-16T03:54:17Z","caller":"handlers/server.go:419","msg":"EPP sent response body back to proxy","x-request-id":"10db4cfe-0943-9eb5-96a1-1d63f4ddd741"}
{"level":"debug","ts":"2026-03-16T03:54:17Z","caller":"handlers/server.go:225","msg":"EPP received request","x-request-id":"412b4493-38cb-92cf-a34b-ab09000f8b18"}
{"level":"debug","ts":"2026-03-16T03:54:17Z","caller":"handlers/server.go:391","msg":"EPP sent request body response(s) to proxy","x-request-id":"412b4493-38cb-92cf-a34b-ab09000f8b18","modelName":"food-review-1","targetModelName":"food-review-1"}
{"level":"debug","ts":"2026-03-16T03:54:17Z","caller":"handlers/server.go:419","msg":"EPP sent response body back to proxy","x-request-id":"412b4493-38cb-92cf-a34b-ab09000f8b18"}
{"level":"debug","ts":"2026-03-16T03:54:17Z","caller":"handlers/server.go:225","msg":"EPP received request","x-request-id":"038009b0-50fe-9171-b9e9-4f0f37e0811a"}
{"level":"debug","ts":"2026-03-16T03:54:17Z","caller":"handlers/server.go:391","msg":"EPP sent request body response(s) to proxy","x-request-id":"038009b0-50fe-9171-b9e9-4f0f37e0811a","modelName":"food-review-1","targetModelName":"food-review-1"}
{"level":"debug","ts":"2026-03-16T03:54:17Z","caller":"handlers/server.go:419","msg":"EPP sent response body back to proxy","x-request-id":"038009b0-50fe-9171-b9e9-4f0f37e0811a"}
{"level":"debug","ts":"2026-03-16T03:54:17Z","caller":"handlers/server.go:225","msg":"EPP received request","x-request-id":"ce3723d1-a81d-9b28-8f5a-6a3946f8f0b9"}
{"level":"debug","ts":"2026-03-16T03:54:17Z","caller":"handlers/server.go:391","msg":"EPP sent request body response(s) to proxy","x-request-id":"ce3723d1-a81d-9b28-8f5a-6a3946f8f0b9","modelName":"food-review-1","targetModelName":"food-review-1"}
{"level":"debug","ts":"2026-03-16T03:54:17Z","caller":"handlers/server.go:419","msg":"EPP sent response body back to proxy","x-request-id":"ce3723d1-a81d-9b28-8f5a-6a3946f8f0b9"}
{"level":"debug","ts":"2026-03-16T03:54:17Z","caller":"handlers/server.go:225","msg":"EPP received request","x-request-id":"5c7e7748-492f-9687-a859-e97d9dac5471"}
{"level":"debug","ts":"2026-03-16T03:54:17Z","caller":"handlers/server.go:391","msg":"EPP sent request body response(s) to proxy","x-request-id":"5c7e7748-492f-9687-a859-e97d9dac5471","modelName":"food-review-1","targetModelName":"food-review-1"}
{"level":"debug","ts":"2026-03-16T03:54:17Z","caller":"handlers/server.go:419","msg":"EPP sent response body back to proxy","x-request-id":"5c7e7748-492f-9687-a859-e97d9dac5471"}
{"level":"debug","ts":"2026-03-16T03:54:17Z","caller":"handlers/server.go:225","msg":"EPP received request","x-request-id":"270d6011-779c-9985-9314-0d232807bbbc"}
{"level":"debug","ts":"2026-03-16T03:54:17Z","caller":"handlers/server.go:391","msg":"EPP sent request body response(s) to proxy","x-request-id":"270d6011-779c-9985-9314-0d232807bbbc","modelName":"food-review-1","targetModelName":"food-review-1"}
{"level":"debug","ts":"2026-03-16T03:54:17Z","caller":"handlers/server.go:419","msg":"EPP sent response body back to proxy","x-request-id":"270d6011-779c-9985-9314-0d232807bbbc"}
{"level":"debug","ts":"2026-03-16T03:54:17Z","caller":"handlers/server.go:225","msg":"EPP received request","x-request-id":"35ef683a-487e-9c2b-8724-2ad8ff834d16"}
{"level":"debug","ts":"2026-03-16T03:54:17Z","caller":"handlers/server.go:391","msg":"EPP sent request body response(s) to proxy","x-request-id":"35ef683a-487e-9c2b-8724-2ad8ff834d16","modelName":"food-review-1","targetModelName":"food-review-1"}
{"level":"debug","ts":"2026-03-16T03:54:17Z","caller":"handlers/server.go:419","msg":"EPP sent response body back to proxy","x-request-id":"35ef683a-487e-9c2b-8724-2ad8ff834d16"}
{"level":"debug","ts":"2026-03-16T03:54:17Z","caller":"handlers/server.go:225","msg":"EPP received request","x-request-id":"4e07fe25-9920-9c41-9348-13fa56bcf309"}
{"level":"debug","ts":"2026-03-16T03:54:17Z","caller":"handlers/server.go:391","msg":"EPP sent request body response(s) to proxy","x-request-id":"4e07fe25-9920-9c41-9348-13fa56bcf309","modelName":"food-review-1","targetModelName":"food-review-1"}
{"level":"debug","ts":"2026-03-16T03:54:17Z","caller":"handlers/server.go:419","msg":"EPP sent response body back to proxy","x-request-id":"4e07fe25-9920-9c41-9348-13fa56bcf309"}
{"level":"debug","ts":"2026-03-16T03:54:17Z","caller":"handlers/server.go:225","msg":"EPP received request","x-request-id":"23c9fd54-01b5-96ab-8e44-0cda0f140852"}
{"level":"debug","ts":"2026-03-16T03:54:17Z","caller":"handlers/server.go:391","msg":"EPP sent request body response(s) to proxy","x-request-id":"23c9fd54-01b5-96ab-8e44-0cda0f140852","modelName":"food-review-1","targetModelName":"food-review-1"}
{"level":"debug","ts":"2026-03-16T03:54:17Z","caller":"handlers/server.go:419","msg":"EPP sent response body back to proxy","x-request-id":"23c9fd54-01b5-96ab-8e44-0cda0f140852"}
{"level":"debug","ts":"2026-03-16T03:54:17Z","caller":"handlers/server.go:225","msg":"EPP received request","x-request-id":"d6ad274c-f107-94e9-a002-758d5b6baae9"}
{"level":"debug","ts":"2026-03-16T03:54:17Z","caller":"handlers/server.go:391","msg":"EPP sent request body response(s) to proxy","x-request-id":"d6ad274c-f107-94e9-a002-758d5b6baae9","modelName":"food-review-1","targetModelName":"food-review-1"}
{"level":"debug","ts":"2026-03-16T03:54:17Z","caller":"handlers/server.go:419","msg":"EPP sent response body back to proxy","x-request-id":"d6ad274c-f107-94e9-a002-758d5b6baae9"}
{"level":"debug","ts":"2026-03-16T03:54:17Z","caller":"handlers/server.go:225","msg":"EPP received request","x-request-id":"958c58e8-f6c9-9122-827c-ca80e556f7ad"}
{"level":"debug","ts":"2026-03-16T03:54:17Z","caller":"handlers/server.go:391","msg":"EPP sent request body response(s) to proxy","x-request-id":"958c58e8-f6c9-9122-827c-ca80e556f7ad","modelName":"food-review-1","targetModelName":"food-review-1"}
{"level":"debug","ts":"2026-03-16T03:54:17Z","caller":"handlers/server.go:419","msg":"EPP sent response body back to proxy","x-request-id":"958c58e8-f6c9-9122-827c-ca80e556f7ad"}
{"level":"debug","ts":"2026-03-16T03:54:17Z","caller":"handlers/server.go:225","msg":"EPP received request","x-request-id":"fa957ecb-3d32-9402-aa4b-91aeb280d75d"}
{"level":"debug","ts":"2026-03-16T03:54:17Z","caller":"handlers/server.go:391","msg":"EPP sent request body response(s) to proxy","x-request-id":"fa957ecb-3d32-9402-aa4b-91aeb280d75d","modelName":"food-review-1","targetModelName":"food-review-1"}
{"level":"debug","ts":"2026-03-16T03:54:17Z","caller":"handlers/server.go:419","msg":"EPP sent response body back to proxy","x-request-id":"fa957ecb-3d32-9402-aa4b-91aeb280d75d"}
{"level":"debug","ts":"2026-03-16T03:54:17Z","caller":"handlers/server.go:225","msg":"EPP received request","x-request-id":"d07f4c74-3263-96a1-898b-362935161ba3"}
{"level":"debug","ts":"2026-03-16T03:54:17Z","caller":"handlers/server.go:391","msg":"EPP sent request body response(s) to proxy","x-request-id":"d07f4c74-3263-96a1-898b-362935161ba3","modelName":"food-review-1","targetModelName":"food-review-1"}
{"level":"debug","ts":"2026-03-16T03:54:17Z","caller":"handlers/server.go:419","msg":"EPP sent response body back to proxy","x-request-id":"d07f4c74-3263-96a1-898b-362935161ba3"}
{"level":"debug","ts":"2026-03-16T03:54:17Z","caller":"handlers/server.go:225","msg":"EPP received request","x-request-id":"29c2e4e9-1320-9328-988c-705541e2be1e"}
{"level":"debug","ts":"2026-03-16T03:54:17Z","caller":"handlers/server.go:391","msg":"EPP sent request body response(s) to proxy","x-request-id":"29c2e4e9-1320-9328-988c-705541e2be1e","modelName":"food-review-1","targetModelName":"food-review-1"}
{"level":"debug","ts":"2026-03-16T03:54:17Z","caller":"handlers/server.go:419","msg":"EPP sent response body back to proxy","x-request-id":"29c2e4e9-1320-9328-988c-705541e2be1e"}
{"level":"debug","ts":"2026-03-16T03:54:17Z","caller":"handlers/server.go:225","msg":"EPP received request","x-request-id":"4b3af396-91df-988f-aea8-075cc3d9ff57"}
{"level":"debug","ts":"2026-03-16T03:54:17Z","caller":"handlers/server.go:391","msg":"EPP sent request body response(s) to proxy","x-request-id":"4b3af396-91df-988f-aea8-075cc3d9ff57","modelName":"food-review-1","targetModelName":"food-review-1"}
{"level":"debug","ts":"2026-03-16T03:54:17Z","caller":"handlers/server.go:419","msg":"EPP sent response body back to proxy","x-request-id":"4b3af396-91df-988f-aea8-075cc3d9ff57"}
{"level":"debug","ts":"2026-03-16T03:54:17Z","caller":"handlers/server.go:225","msg":"EPP received request","x-request-id":"20525709-0346-9728-9b2f-6854eaa7a6d8"}
{"level":"debug","ts":"2026-03-16T03:54:17Z","caller":"handlers/server.go:391","msg":"EPP sent request body response(s) to proxy","x-request-id":"20525709-0346-9728-9b2f-6854eaa7a6d8","modelName":"food-review-1","targetModelName":"food-review-1"}
{"level":"debug","ts":"2026-03-16T03:54:17Z","caller":"handlers/server.go:419","msg":"EPP sent response body back to proxy","x-request-id":"20525709-0346-9728-9b2f-6854eaa7a6d8"}
